2025-08-04 10:33:11 | INFO | ============================================================
2025-08-04 10:33:11 | INFO |    ESTRATEGIA ALGEBRA MULTI-ACTIVOS PARA OPTION
2025-08-04 10:33:11 | INFO |    ⚡ LÓGICA INVERTIDA ⚡
2025-08-04 10:33:11 | INFO | ============================================================
2025-08-04 10:33:11 | INFO | 📅 Fecha/Hora: 2025-08-04 10:33:11
2025-08-04 10:33:11 | INFO | 📧 Usuario: pab***@gmail.com
2025-08-04 10:33:11 | INFO | ============================================================
2025-08-04 10:33:11 | INFO | ⚠️ IMPORTANTE: Esta estrategia usa lógica INVERTIDA
2025-08-04 10:33:11 | INFO |    - PUT cuando Algebra Inversa ≤ 35 (sobreventa)
2025-08-04 10:33:11 | INFO |    - CALL cuando Algebra Inversa ≥ 65 (sobrecompra)
2025-08-04 10:33:11 | INFO | ============================================================
2025-08-04 10:33:11 | INFO | 🚀 Inicializando estrategia...
2025-08-04 10:33:11 | INFO | 🎯 Pares seleccionados: NVDA/AMD, AMZN/ALIBABA, NFLX/AMZN, GOOGLE/MSFT, MSFT/AAPL, TESLA/FORD, INTEL/IBM, AMZN/EBAY, META/GOOGLE
2025-08-04 10:33:11 | INFO | 💰 Tamaño de posición: 5%
2025-08-04 10:33:11 | INFO | ⚡ Nivel de agresividad: balanceado
2025-08-04 10:33:11 | INFO | 🎯 INICIANDO ESTRATEGIA ALGEBRA MULTI-ACTIVOS (LÓGICA INVERTIDA)
2025-08-04 10:33:11 | INFO | 📊 Configuración: Niveles Algebra Inversa dinámicos por grupo de activos
2025-08-04 10:33:11 | INFO | ⚡ LÓGICA INVERTIDA: PUT en sobreventa, CALL en sobrecompra
2025-08-04 10:33:11 | INFO | 🎯 LÍMITE DE TRADES SIMULTÁNEOS: 1
2025-08-04 10:33:11 | INFO | 🎯 PARES SELECCIONADOS: ['NVDA/AMD', 'AMZN/ALIBABA', 'NFLX/AMZN', 'GOOGLE/MSFT', 'MSFT/AAPL', 'TESLA/FORD', 'INTEL/IBM', 'AMZN/EBAY', 'META/GOOGLE']
2025-08-04 10:33:11 | INFO | ✅ Par habilitado: NVDA/AMD
2025-08-04 10:33:11 | INFO | ✅ Par habilitado: AMZN/ALIBABA
2025-08-04 10:33:11 | INFO | ✅ Par habilitado: NFLX/AMZN
2025-08-04 10:33:11 | INFO | ✅ Par habilitado: GOOGLE/MSFT
2025-08-04 10:33:11 | INFO | ✅ Par habilitado: MSFT/AAPL
2025-08-04 10:33:11 | INFO | ✅ Par habilitado: TESLA/FORD
2025-08-04 10:33:11 | INFO | ✅ Par habilitado: INTEL/IBM
2025-08-04 10:33:11 | INFO | ✅ Par habilitado: AMZN/EBAY
2025-08-04 10:33:11 | INFO | ✅ Par habilitado: META/GOOGLE
2025-08-04 10:33:11 | INFO | 🎯 Operando con 9 pares seleccionados
2025-08-04 10:33:11 | INFO | 💰 Tamaño de posición personalizado: 5%
2025-08-04 10:33:11 | INFO | ⚡ Agresividad personalizada: balanceado → BALANCED
2025-08-04 10:33:11 | INFO | ⚙️ Modo de agresividad: BALANCED (personalizado)
2025-08-04 10:33:11 | INFO | 📊 Timeframe: 5 min | Expiración: 1 min | Fuerza mínima: 60%
2025-08-04 10:33:11 | INFO | 🔗 Conectando a IQ Option...
2025-08-04 10:33:13 | INFO | ✅ Conexión exitosa
2025-08-04 10:33:13 | INFO | 💰 Balance actual: $10,425.00
2025-08-04 10:33:14 | INFO | 💰 Capital inicial: $10,425.00
2025-08-04 10:33:14 | INFO | 📂 No hay archivo de estado previo
2025-08-04 10:33:14 | INFO | 🔍 Verificando activos disponibles...
2025-08-04 10:33:21 | INFO | ✅ NVDA/AMD: Encontrado como NVDA/AMD-OTC (turbo) - Grupo: PAIR
2025-08-04 10:33:21 | INFO | ✅ NVDA/AMD: Encontrado como NVDA/AMD-OTC (binary) - Grupo: PAIR
2025-08-04 10:33:21 | INFO | ✅ AMZN/ALIBABA: Encontrado como AMZN/ALIBABA-OTC (turbo) - Grupo: PAIR
2025-08-04 10:33:21 | INFO | ✅ AMZN/ALIBABA: Encontrado como AMZN/ALIBABA-OTC (binary) - Grupo: PAIR
2025-08-04 10:33:21 | INFO | ✅ NFLX/AMZN: Encontrado como NFLX/AMZN-OTC (turbo) - Grupo: PAIR
2025-08-04 10:33:21 | INFO | ✅ NFLX/AMZN: Encontrado como NFLX/AMZN-OTC (binary) - Grupo: PAIR
2025-08-04 10:33:21 | INFO | ✅ GOOGLE/MSFT: Encontrado como GOOGLE/MSFT-OTC (turbo) - Grupo: PAIR
2025-08-04 10:33:21 | INFO | ✅ GOOGLE/MSFT: Encontrado como GOOGLE/MSFT-OTC (binary) - Grupo: PAIR
2025-08-04 10:33:21 | INFO | ✅ MSFT/AAPL: Encontrado como MSFT/AAPL-OTC (turbo) - Grupo: PAIR
2025-08-04 10:33:21 | INFO | ✅ MSFT/AAPL: Encontrado como MSFT/AAPL-OTC (binary) - Grupo: PAIR
2025-08-04 10:33:21 | INFO | ✅ TESLA/FORD: Encontrado como TESLA/FORD-OTC (turbo) - Grupo: PAIR
2025-08-04 10:33:21 | INFO | ✅ TESLA/FORD: Encontrado como TESLA/FORD-OTC (binary) - Grupo: PAIR
2025-08-04 10:33:21 | INFO | ✅ INTEL/IBM: Encontrado como INTEL/IBM-OTC (turbo) - Grupo: PAIR
2025-08-04 10:33:21 | INFO | ✅ INTEL/IBM: Encontrado como INTEL/IBM-OTC (binary) - Grupo: PAIR
2025-08-04 10:33:21 | INFO | ✅ AMZN/EBAY: Encontrado como AMZN/EBAY-OTC (turbo) - Grupo: PAIR
2025-08-04 10:33:21 | INFO | ✅ AMZN/EBAY: Encontrado como AMZN/EBAY-OTC (binary) - Grupo: PAIR
2025-08-04 10:33:21 | INFO | ✅ META/GOOGLE: Encontrado como META/GOOGLE-OTC (turbo) - Grupo: PAIR
2025-08-04 10:33:21 | INFO | ✅ META/GOOGLE: Encontrado como META/GOOGLE-OTC (binary) - Grupo: PAIR
2025-08-04 10:33:21 | INFO | 📊 Total activos disponibles: 9
2025-08-04 10:33:21 | INFO | 
📊 CONFIGURACIÓN DE NIVELES ALGEBRA INVERSA POR GRUPO:
2025-08-04 10:33:21 | INFO | ============================================================
2025-08-04 10:33:21 | INFO | 
PAIR:
2025-08-04 10:33:21 | INFO |   Activos: NVDA/AMD, AMZN/ALIBABA, NFLX/AMZN, GOOGLE/MSFT, MSFT/AAPL, TESLA/FORD, INTEL/IBM, AMZN/EBAY, META/GOOGLE
2025-08-04 10:33:21 | INFO |   Algebra Inversa Sobreventa/Sobrecompra: 32/68
2025-08-04 10:33:21 | INFO |   Momentum mínimo: 4 puntos
2025-08-04 10:33:21 | INFO |   Tamaño posición: 5% (personalizado)
2025-08-04 10:33:21 | INFO | ============================================================
2025-08-04 10:33:21 | INFO | 
⚡ CONFIGURACIÓN DE SEÑALES:
2025-08-04 10:33:21 | INFO |   Modo: BALANCED (personalizado)
2025-08-04 10:33:21 | INFO |   Fuerza mínima: 60%
2025-08-04 10:33:21 | INFO |   Cruces válidos: últimas 2 niveles dinámicos
2025-08-04 10:33:21 | INFO |   Permitir rebotes: Sí
2025-08-04 10:33:21 | INFO |   Máx rebotes: 1 de hasta 2 puntos
2025-08-04 10:33:21 | INFO |   🎯 Máximo trades simultáneos: 1
2025-08-04 10:33:21 | INFO | ============================================================
2025-08-04 10:33:21 | INFO | ✅ Sistema iniciado - Detectando momentum real con validación dinámica
2025-08-04 10:33:21 | INFO | 🎯 Iniciando operaciones...
2025-08-04 10:33:21 | INFO | ℹ️ Para detener la estrategia, desactiva el switch en el dashboard
2025-08-04 10:33:21 | INFO | 🚀 Iniciando estrategia ALGEBRA Multi-Activos (LÓGICA INVERTIDA)
2025-08-04 10:33:21 | INFO | 📊 Configuración: 9 activos disponibles
2025-08-04 10:33:21 | INFO | ⚙️ Modo: BALANCED (personalizado) - Balance entre cantidad y calidad
2025-08-04 10:33:21 | INFO | 📊 Algebra Inversa en timeframe de 5 minutos
2025-08-04 10:33:21 | INFO | ⏱️ Expiración de opciones: 1 minutos
2025-08-04 10:33:21 | INFO | ⏰ Tiempo entre señales: 60 minutos
2025-08-04 10:33:21 | INFO | 🔄 Bloqueo diario después de 2 operaciones consecutivas (wins o losses)
2025-08-04 10:33:21 | INFO | 🎯 Máximo 1 trade(s) simultáneo(s)
2025-08-04 10:33:21 | INFO | 💪 Fuerza mínima de señal: 60%
2025-08-04 10:33:21 | INFO | 🆕 Solo cruces frescos en últimas 2 niveles dinámicos
2025-08-04 10:35:36 | INFO | 🔄 Ciclo #10 - 2025-08-04 10:35:36 - Trades activos: 0/1
2025-08-04 10:36:19 | INFO | ⏹️ Estrategia detenida por el usuario
2025-08-04 10:36:19 | INFO | 🏁 Finalizando estrategia...
2025-08-04 10:36:20 | INFO | ============================================================
2025-08-04 10:36:20 | INFO | 📊 RESUMEN DE LA ESTRATEGIA ALGEBRA MULTI-ACTIVOS (LÓGICA INVERTIDA)
2025-08-04 10:36:20 | INFO | ============================================================
2025-08-04 10:36:20 | INFO | ⚡ Estrategia: PUT en sobreventa (Algebra Inversa dinámico), CALL en sobrecompra (Algebra Inversa dinámico)
2025-08-04 10:36:20 | INFO | ⚙️ Modo: BALANCED - Balance entre cantidad y calidad
2025-08-04 10:36:20 | INFO | 🎯 Límite de trades simultáneos: 1
2025-08-04 10:36:20 | INFO | 💰 Capital Inicial: $10,425.00
2025-08-04 10:36:20 | INFO | 💰 Balance Final: $10,425.00
2025-08-04 10:36:20 | INFO | 📈 Rendimiento Total: 0.00%
2025-08-04 10:36:20 | INFO | 🎯 Total Operaciones: 0
2025-08-04 10:36:20 | INFO | 💵 Beneficio Neto: $0.00
2025-08-04 10:36:20 | INFO | 📉 Capital Mínimo: $10,425.00
2025-08-04 10:36:20 | INFO | 
📊 Estadísticas por Activo (agrupadas por tipo):
2025-08-04 10:36:20 | INFO | 
📅 Rendimiento Mensual:
2025-08-04 10:36:20 | INFO | ============================================================
2025-08-04 10:36:20 | INFO | 👋 Estrategia finalizada
2025-08-04 10:36:20 | INFO | 👋 Programa finalizado
2025-08-04 10:47:25 | INFO | ============================================================
2025-08-04 10:47:25 | INFO |    ESTRATEGIA ALGEBRA MULTI-ACTIVOS PARA OPTION
2025-08-04 10:47:25 | INFO |    ⚡ LÓGICA INVERTIDA ⚡
2025-08-04 10:47:25 | INFO | ============================================================
2025-08-04 10:47:25 | INFO | 📅 Fecha/Hora: 2025-08-04 10:47:25
2025-08-04 10:47:25 | INFO | 📧 Usuario: pab***@gmail.com
2025-08-04 10:47:25 | INFO | ============================================================
2025-08-04 10:47:25 | INFO | ⚠️ IMPORTANTE: Esta estrategia usa lógica INVERTIDA
2025-08-04 10:47:25 | INFO |    - PUT cuando Algebra Inversa ≤ 35 (sobreventa)
2025-08-04 10:47:25 | INFO |    - CALL cuando Algebra Inversa ≥ 65 (sobrecompra)
2025-08-04 10:47:25 | INFO | ============================================================
2025-08-04 10:47:25 | INFO | 🚀 Inicializando estrategia...
2025-08-04 10:47:25 | INFO | 🎯 Pares seleccionados: NVDA/AMD, AMZN/ALIBABA, NFLX/AMZN, GOOGLE/MSFT, MSFT/AAPL, TESLA/FORD, INTEL/IBM, AMZN/EBAY, META/GOOGLE
2025-08-04 10:47:25 | INFO | 🪙 Crypto seleccionados: BTCUSD, NEARUSD, ARBUSD, LINKUSD, ATOMUSD, ETHUSD, DOTUSD, MATICUSD
2025-08-04 10:47:25 | INFO | 💰 Tamaño de posición (legacy): 5%
2025-08-04 10:47:25 | INFO | 📊 Tamaño de posición pares: 5%
2025-08-04 10:47:25 | INFO | 🪙 Tamaño de posición crypto: 2%
2025-08-04 10:47:25 | INFO | ⚡ Nivel de agresividad: balanceado
2025-08-04 10:47:25 | INFO | 🎯 INICIANDO ESTRATEGIA ALGEBRA MULTI-ACTIVOS (LÓGICA INVERTIDA)
2025-08-04 10:47:25 | INFO | 📊 Configuración: Niveles Algebra Inversa dinámicos por grupo de activos
2025-08-04 10:47:25 | INFO | ⚡ LÓGICA INVERTIDA: PUT en sobreventa, CALL en sobrecompra
2025-08-04 10:47:25 | INFO | 🎯 LÍMITE DE TRADES SIMULTÁNEOS: 1
2025-08-04 10:47:25 | INFO | 🎯 PARES SELECCIONADOS: ['NVDA/AMD', 'AMZN/ALIBABA', 'NFLX/AMZN', 'GOOGLE/MSFT', 'MSFT/AAPL', 'TESLA/FORD', 'INTEL/IBM', 'AMZN/EBAY', 'META/GOOGLE']
2025-08-04 10:47:25 | INFO | ✅ Par habilitado: NVDA/AMD
2025-08-04 10:47:25 | INFO | ✅ Par habilitado: AMZN/ALIBABA
2025-08-04 10:47:25 | INFO | ✅ Par habilitado: NFLX/AMZN
2025-08-04 10:47:25 | INFO | ✅ Par habilitado: GOOGLE/MSFT
2025-08-04 10:47:25 | INFO | ✅ Par habilitado: MSFT/AAPL
2025-08-04 10:47:25 | INFO | ✅ Par habilitado: TESLA/FORD
2025-08-04 10:47:25 | INFO | ✅ Par habilitado: INTEL/IBM
2025-08-04 10:47:25 | INFO | ✅ Par habilitado: AMZN/EBAY
2025-08-04 10:47:25 | INFO | ✅ Par habilitado: META/GOOGLE
2025-08-04 10:47:25 | INFO | 🎯 Operando con 9 pares seleccionados
2025-08-04 10:47:25 | INFO | 🪙 CRYPTO SELECCIONADOS: ['BTCUSD', 'NEARUSD', 'ARBUSD', 'LINKUSD', 'ATOMUSD', 'ETHUSD', 'DOTUSD', 'MATICUSD']
2025-08-04 10:47:25 | INFO | ✅ Crypto habilitado: BTCUSD
2025-08-04 10:47:25 | INFO | ✅ Crypto habilitado: NEARUSD
2025-08-04 10:47:25 | INFO | ✅ Crypto habilitado: ARBUSD
2025-08-04 10:47:25 | INFO | ✅ Crypto habilitado: LINKUSD
2025-08-04 10:47:25 | INFO | ✅ Crypto habilitado: ATOMUSD
2025-08-04 10:47:25 | INFO | ✅ Crypto habilitado: ETHUSD
2025-08-04 10:47:25 | INFO | ✅ Crypto habilitado: DOTUSD
2025-08-04 10:47:25 | INFO | ✅ Crypto habilitado: MATICUSD
2025-08-04 10:47:25 | INFO | 🪙 Operando con 8 crypto seleccionados
2025-08-04 10:47:25 | INFO | 💰 Tamaño de posición personalizado (legacy): 5%
2025-08-04 10:47:25 | INFO | 📊 Tamaño de posición pares personalizado: 5%
2025-08-04 10:47:25 | INFO | 🪙 Tamaño de posición crypto personalizado: 2%
2025-08-04 10:47:25 | INFO | ⚡ Agresividad personalizada: balanceado → BALANCED
2025-08-04 10:47:25 | INFO | ⚙️ Modo de agresividad: BALANCED (personalizado)
2025-08-04 10:47:25 | INFO | 📊 Timeframe: 5 min | Expiración: 1 min | Fuerza mínima: 60%
2025-08-04 10:47:25 | INFO | 🔗 Conectando a IQ Option...
2025-08-04 10:47:27 | INFO | ✅ Conexión exitosa
2025-08-04 10:47:27 | INFO | 💰 Balance actual: $10,425.00
2025-08-04 10:47:27 | INFO | 💰 Capital inicial: $10,425.00
2025-08-04 10:47:27 | INFO | ✅ Estado cargado desde 2025-08-04T10:36:19.863288
2025-08-04 10:47:27 | INFO | 🔍 Verificando activos disponibles...
2025-08-04 10:47:35 | INFO | ✅ NVDA/AMD: Encontrado como NVDA/AMD-OTC (turbo) - Grupo: PAIR
2025-08-04 10:47:35 | INFO | ✅ NVDA/AMD: Encontrado como NVDA/AMD-OTC (binary) - Grupo: PAIR
2025-08-04 10:47:35 | INFO | ✅ AMZN/ALIBABA: Encontrado como AMZN/ALIBABA-OTC (turbo) - Grupo: PAIR
2025-08-04 10:47:35 | INFO | ✅ AMZN/ALIBABA: Encontrado como AMZN/ALIBABA-OTC (binary) - Grupo: PAIR
2025-08-04 10:47:35 | INFO | ✅ NFLX/AMZN: Encontrado como NFLX/AMZN-OTC (turbo) - Grupo: PAIR
2025-08-04 10:47:35 | INFO | ✅ NFLX/AMZN: Encontrado como NFLX/AMZN-OTC (binary) - Grupo: PAIR
2025-08-04 10:47:35 | INFO | ✅ GOOGLE/MSFT: Encontrado como GOOGLE/MSFT-OTC (turbo) - Grupo: PAIR
2025-08-04 10:47:35 | INFO | ✅ GOOGLE/MSFT: Encontrado como GOOGLE/MSFT-OTC (binary) - Grupo: PAIR
2025-08-04 10:47:35 | INFO | ✅ MSFT/AAPL: Encontrado como MSFT/AAPL-OTC (turbo) - Grupo: PAIR
2025-08-04 10:47:35 | INFO | ✅ MSFT/AAPL: Encontrado como MSFT/AAPL-OTC (binary) - Grupo: PAIR
2025-08-04 10:47:35 | INFO | ✅ TESLA/FORD: Encontrado como TESLA/FORD-OTC (turbo) - Grupo: PAIR
2025-08-04 10:47:35 | INFO | ✅ TESLA/FORD: Encontrado como TESLA/FORD-OTC (binary) - Grupo: PAIR
2025-08-04 10:47:35 | INFO | ✅ INTEL/IBM: Encontrado como INTEL/IBM-OTC (turbo) - Grupo: PAIR
2025-08-04 10:47:35 | INFO | ✅ INTEL/IBM: Encontrado como INTEL/IBM-OTC (binary) - Grupo: PAIR
2025-08-04 10:47:35 | INFO | ✅ AMZN/EBAY: Encontrado como AMZN/EBAY-OTC (turbo) - Grupo: PAIR
2025-08-04 10:47:35 | INFO | ✅ AMZN/EBAY: Encontrado como AMZN/EBAY-OTC (binary) - Grupo: PAIR
2025-08-04 10:47:35 | INFO | ✅ META/GOOGLE: Encontrado como META/GOOGLE-OTC (turbo) - Grupo: PAIR
2025-08-04 10:47:35 | INFO | ✅ META/GOOGLE: Encontrado como META/GOOGLE-OTC (binary) - Grupo: PAIR
2025-08-04 10:47:35 | INFO | ✅ BTCUSD: Encontrado como BTCUSD-op (binary) - Grupo: CRYPTO
2025-08-04 10:47:35 | INFO | ✅ NEARUSD: Encontrado como NEARUSD-OTC (turbo) - Grupo: CRYPTO
2025-08-04 10:47:35 | INFO | ✅ NEARUSD: Encontrado como NEARUSD-OTC (binary) - Grupo: CRYPTO
2025-08-04 10:47:35 | INFO | ✅ ARBUSD: Encontrado como ARBUSD-OTC (turbo) - Grupo: CRYPTO
2025-08-04 10:47:35 | INFO | ✅ LINKUSD: Encontrado como LINKUSD-OTC (turbo) - Grupo: CRYPTO
2025-08-04 10:47:35 | INFO | ✅ LINKUSD: Encontrado como LINKUSD-OTC (binary) - Grupo: CRYPTO
2025-08-04 10:47:35 | INFO | ✅ ATOMUSD: Encontrado como ATOMUSD-OTC (turbo) - Grupo: CRYPTO
2025-08-04 10:47:35 | INFO | ✅ ETHUSD: Encontrado como ETHUSD-OTC (turbo) - Grupo: CRYPTO
2025-08-04 10:47:35 | INFO | ✅ DOTUSD: Encontrado como DOTUSD-OTC (turbo) - Grupo: CRYPTO
2025-08-04 10:47:35 | INFO | ✅ DOTUSD: Encontrado como DOTUSD-OTC (binary) - Grupo: CRYPTO
2025-08-04 10:47:35 | INFO | ✅ MATICUSD: Encontrado como MATICUSD-OTC (turbo) - Grupo: CRYPTO
2025-08-04 10:47:35 | INFO | ✅ MATICUSD: Encontrado como MATICUSD-OTC (binary) - Grupo: CRYPTO
2025-08-04 10:47:35 | INFO | 📊 Total activos disponibles: 17
2025-08-04 10:47:35 | INFO | 
📊 CONFIGURACIÓN DE NIVELES ALGEBRA INVERSA POR GRUPO:
2025-08-04 10:47:35 | INFO | ============================================================
2025-08-04 10:47:35 | INFO | 
PAIR:
2025-08-04 10:47:35 | INFO |   Activos: NVDA/AMD, AMZN/ALIBABA, NFLX/AMZN, GOOGLE/MSFT, MSFT/AAPL, TESLA/FORD, INTEL/IBM, AMZN/EBAY, META/GOOGLE
2025-08-04 10:47:35 | INFO |   Algebra Inversa Sobreventa/Sobrecompra: 32/68
2025-08-04 10:47:35 | INFO |   Momentum mínimo: 4 puntos
2025-08-04 10:47:35 | INFO |   Tamaño posición: 5% (personalizado)
2025-08-04 10:47:35 | INFO | 
CRYPTO:
2025-08-04 10:47:35 | INFO |   Activos: BTCUSD, NEARUSD, ARBUSD, LINKUSD, ATOMUSD, ETHUSD, DOTUSD, MATICUSD
2025-08-04 10:47:35 | INFO |   Algebra Inversa Sobreventa/Sobrecompra: 35/65
2025-08-04 10:47:35 | INFO |   Momentum mínimo: 5 puntos
2025-08-04 10:47:35 | INFO |   Tamaño posición: 5% (personalizado)
2025-08-04 10:47:35 | INFO | ============================================================
2025-08-04 10:47:35 | INFO | 
⚡ CONFIGURACIÓN DE SEÑALES:
2025-08-04 10:47:35 | INFO |   Modo: BALANCED (personalizado)
2025-08-04 10:47:35 | INFO |   Fuerza mínima: 60%
2025-08-04 10:47:35 | INFO |   Cruces válidos: últimas 2 niveles dinámicos
2025-08-04 10:47:35 | INFO |   Permitir rebotes: Sí
2025-08-04 10:47:35 | INFO |   Máx rebotes: 1 de hasta 2 puntos
2025-08-04 10:47:35 | INFO |   🎯 Máximo trades simultáneos: 1
2025-08-04 10:47:35 | INFO | ============================================================
2025-08-04 10:47:35 | INFO | ✅ Sistema iniciado - Detectando momentum real con validación dinámica
2025-08-04 10:47:35 | INFO | 🎯 Iniciando operaciones...
2025-08-04 10:47:35 | INFO | ℹ️ Para detener la estrategia, desactiva el switch en el dashboard
2025-08-04 10:47:35 | INFO | 🚀 Iniciando estrategia ALGEBRA Multi-Activos (LÓGICA INVERTIDA)
2025-08-04 10:47:35 | INFO | 📊 Configuración: 17 activos disponibles
2025-08-04 10:47:35 | INFO | ⚙️ Modo: BALANCED (personalizado) - Balance entre cantidad y calidad
2025-08-04 10:47:35 | INFO | 📊 Algebra Inversa en timeframe de 5 minutos
2025-08-04 10:47:35 | INFO | ⏱️ Expiración de opciones: 1 minutos
2025-08-04 10:47:35 | INFO | ⏰ Tiempo entre señales: 60 minutos
2025-08-04 10:47:35 | INFO | 🔄 Bloqueo diario después de 2 operaciones consecutivas (wins o losses)
2025-08-04 10:47:35 | INFO | 🎯 Máximo 1 trade(s) simultáneo(s)
2025-08-04 10:47:35 | INFO | 💪 Fuerza mínima de señal: 60%
2025-08-04 10:47:35 | INFO | 🆕 Solo cruces frescos en últimas 2 niveles dinámicos
2025-08-04 10:49:50 | INFO | 🔄 Ciclo #10 - 2025-08-04 10:49:50 - Trades activos: 0/1
2025-08-04 10:52:20 | INFO | 🔄 Ciclo #20 - 2025-08-04 10:52:20 - Trades activos: 0/1
2025-08-04 10:54:01 | INFO | ⏹️ Estrategia detenida por el usuario
2025-08-04 10:54:01 | INFO | 🏁 Finalizando estrategia...
2025-08-04 10:54:01 | INFO | ============================================================
2025-08-04 10:54:01 | INFO | 📊 RESUMEN DE LA ESTRATEGIA ALGEBRA MULTI-ACTIVOS (LÓGICA INVERTIDA)
2025-08-04 10:54:01 | INFO | ============================================================
2025-08-04 10:54:01 | INFO | ⚡ Estrategia: PUT en sobreventa (Algebra Inversa dinámico), CALL en sobrecompra (Algebra Inversa dinámico)
2025-08-04 10:54:01 | INFO | ⚙️ Modo: BALANCED - Balance entre cantidad y calidad
2025-08-04 10:54:01 | INFO | 🎯 Límite de trades simultáneos: 1
2025-08-04 10:54:01 | INFO | 💰 Capital Inicial: $10,425.00
2025-08-04 10:54:01 | INFO | 💰 Balance Final: $10,425.00
2025-08-04 10:54:01 | INFO | 📈 Rendimiento Total: 0.00%
2025-08-04 10:54:01 | INFO | 🎯 Total Operaciones: 0
2025-08-04 10:54:01 | INFO | 💵 Beneficio Neto: $0.00
2025-08-04 10:54:01 | INFO | 📉 Capital Mínimo: $10,425.00
2025-08-04 10:54:01 | INFO | 
📊 Estadísticas por Activo (agrupadas por tipo):
2025-08-04 10:54:01 | INFO | 
📅 Rendimiento Mensual:
2025-08-04 10:54:01 | INFO | ============================================================
2025-08-04 10:54:01 | INFO | 👋 Estrategia finalizada
2025-08-04 10:54:01 | INFO | 👋 Programa finalizado
