2025-07-31 08:40:18 | INFO | ============================================================
2025-07-31 08:40:18 | INFO |    ESTRATEGIA ALGEBRA MULTI-ACTIVOS PARA OPTION
2025-07-31 08:40:18 | INFO |    ⚡ LÓGICA INVERTIDA ⚡
2025-07-31 08:40:18 | INFO | ============================================================
2025-07-31 08:40:18 | INFO | 📅 Fecha/Hora: 2025-07-31 08:40:18
2025-07-31 08:40:18 | INFO | 📧 Usuario: syl***@gmail.com
2025-07-31 08:40:18 | INFO | ============================================================
2025-07-31 08:40:18 | INFO | ⚠️ IMPORTANTE: Esta estrategia usa lógica INVERTIDA
2025-07-31 08:40:18 | INFO |    - PUT cuando RSI ≤ 35 (sobreventa)
2025-07-31 08:40:18 | INFO |    - CALL cuando RSI ≥ 65 (sobrecompra)
2025-07-31 08:40:18 | INFO | ============================================================
2025-07-31 08:40:18 | INFO | 🚀 Inicializando estrategia...
2025-07-31 08:40:18 | INFO | 🎯 Pares seleccionados: NVDA/AMD, TESLA/FORD, META/GOOGLE, AMZN/ALIBABA, MSFT/AAPL, AMZN/EBAY, NFLX/AMZN, GOOGLE/MSFT, INTEL/IBM
2025-07-31 08:40:18 | INFO | 💰 Tamaño de posición: 5%
2025-07-31 08:40:18 | INFO | ⚡ Nivel de agresividad: balanceado
2025-07-31 08:40:18 | INFO | 🎯 INICIANDO ESTRATEGIA ALGEBRA MULTI-ACTIVOS (LÓGICA INVERTIDA)
2025-07-31 08:40:18 | INFO | 📊 Configuración: Niveles RSI dinámicos por grupo de activos
2025-07-31 08:40:18 | INFO | ⚡ LÓGICA INVERTIDA: PUT en sobreventa, CALL en sobrecompra
2025-07-31 08:40:18 | INFO | 🎯 LÍMITE DE TRADES SIMULTÁNEOS: 1
2025-07-31 08:40:18 | INFO | 🎯 PARES SELECCIONADOS: ['NVDA/AMD', 'TESLA/FORD', 'META/GOOGLE', 'AMZN/ALIBABA', 'MSFT/AAPL', 'AMZN/EBAY', 'NFLX/AMZN', 'GOOGLE/MSFT', 'INTEL/IBM']
2025-07-31 08:40:18 | INFO | ✅ Par habilitado: NVDA/AMD
2025-07-31 08:40:18 | INFO | ✅ Par habilitado: TESLA/FORD
2025-07-31 08:40:18 | INFO | ✅ Par habilitado: META/GOOGLE
2025-07-31 08:40:18 | INFO | ✅ Par habilitado: AMZN/ALIBABA
2025-07-31 08:40:18 | INFO | ✅ Par habilitado: MSFT/AAPL
2025-07-31 08:40:18 | INFO | ✅ Par habilitado: AMZN/EBAY
2025-07-31 08:40:18 | INFO | ✅ Par habilitado: NFLX/AMZN
2025-07-31 08:40:18 | INFO | ✅ Par habilitado: GOOGLE/MSFT
2025-07-31 08:40:18 | INFO | ✅ Par habilitado: INTEL/IBM
2025-07-31 08:40:18 | INFO | 🎯 Operando con 9 pares seleccionados
2025-07-31 08:40:18 | INFO | 💰 Tamaño de posición personalizado: 5%
2025-07-31 08:40:18 | INFO | ⚡ Agresividad personalizada: balanceado → BALANCED
2025-07-31 08:40:18 | INFO | ⚙️ Modo de agresividad: BALANCED (personalizado)
2025-07-31 08:40:18 | INFO | 📊 Timeframe: 5 min | Expiración: 1 min | Fuerza mínima: 60%
2025-07-31 08:40:18 | INFO | 🔗 Conectando a IQ Option...
2025-07-31 08:40:20 | INFO | ✅ Conexión exitosa
2025-07-31 08:40:20 | INFO | 💰 Balance actual: $7,696.85
2025-07-31 08:40:21 | INFO | 💰 Capital inicial: $7,696.85
2025-07-31 08:40:21 | INFO | 📂 No hay archivo de estado previo
2025-07-31 08:40:21 | INFO | 🔍 Verificando activos disponibles...
2025-07-31 08:40:28 | INFO | ✅ NVDA/AMD: Encontrado como NVDA/AMD-OTC (turbo) - Grupo: PAIR
2025-07-31 08:40:28 | INFO | ✅ NVDA/AMD: Encontrado como NVDA/AMD-OTC (binary) - Grupo: PAIR
2025-07-31 08:40:28 | INFO | ✅ TESLA/FORD: Encontrado como TESLA/FORD-OTC (turbo) - Grupo: PAIR
2025-07-31 08:40:28 | INFO | ✅ TESLA/FORD: Encontrado como TESLA/FORD-OTC (binary) - Grupo: PAIR
2025-07-31 08:40:28 | INFO | ✅ META/GOOGLE: Encontrado como META/GOOGLE-OTC (turbo) - Grupo: PAIR
2025-07-31 08:40:28 | INFO | ✅ META/GOOGLE: Encontrado como META/GOOGLE-OTC (binary) - Grupo: PAIR
2025-07-31 08:40:28 | INFO | ✅ AMZN/ALIBABA: Encontrado como AMZN/ALIBABA-OTC (turbo) - Grupo: PAIR
2025-07-31 08:40:28 | INFO | ✅ AMZN/ALIBABA: Encontrado como AMZN/ALIBABA-OTC (binary) - Grupo: PAIR
2025-07-31 08:40:28 | INFO | ✅ MSFT/AAPL: Encontrado como MSFT/AAPL-OTC (turbo) - Grupo: PAIR
2025-07-31 08:40:28 | INFO | ✅ MSFT/AAPL: Encontrado como MSFT/AAPL-OTC (binary) - Grupo: PAIR
2025-07-31 08:40:28 | INFO | ✅ AMZN/EBAY: Encontrado como AMZN/EBAY-OTC (turbo) - Grupo: PAIR
2025-07-31 08:40:28 | INFO | ✅ AMZN/EBAY: Encontrado como AMZN/EBAY-OTC (binary) - Grupo: PAIR
2025-07-31 08:40:28 | INFO | ✅ NFLX/AMZN: Encontrado como NFLX/AMZN-OTC (turbo) - Grupo: PAIR
2025-07-31 08:40:28 | INFO | ✅ NFLX/AMZN: Encontrado como NFLX/AMZN-OTC (binary) - Grupo: PAIR
2025-07-31 08:40:28 | INFO | ✅ GOOGLE/MSFT: Encontrado como GOOGLE/MSFT-OTC (turbo) - Grupo: PAIR
2025-07-31 08:40:28 | INFO | ✅ GOOGLE/MSFT: Encontrado como GOOGLE/MSFT-OTC (binary) - Grupo: PAIR
2025-07-31 08:40:28 | INFO | ✅ INTEL/IBM: Encontrado como INTEL/IBM-OTC (turbo) - Grupo: PAIR
2025-07-31 08:40:28 | INFO | ✅ INTEL/IBM: Encontrado como INTEL/IBM-OTC (binary) - Grupo: PAIR
2025-07-31 08:40:28 | INFO | 📊 Total activos disponibles: 9
2025-07-31 08:40:28 | INFO | 
📊 CONFIGURACIÓN DE NIVELES RSI POR GRUPO:
2025-07-31 08:40:28 | INFO | ============================================================
2025-07-31 08:40:28 | INFO | 
PAIR:
2025-07-31 08:40:28 | INFO |   Activos: NVDA/AMD, TESLA/FORD, META/GOOGLE, AMZN/ALIBABA, MSFT/AAPL, AMZN/EBAY, NFLX/AMZN, GOOGLE/MSFT, INTEL/IBM
2025-07-31 08:40:28 | INFO |   RSI Sobreventa/Sobrecompra: 32/68
2025-07-31 08:40:28 | INFO |   Momentum mínimo: 4 puntos
2025-07-31 08:40:28 | INFO |   Tamaño posición: 5% (personalizado)
2025-07-31 08:40:28 | INFO | ============================================================
2025-07-31 08:40:28 | INFO | 
⚡ CONFIGURACIÓN DE SEÑALES:
2025-07-31 08:40:28 | INFO |   Modo: BALANCED (personalizado)
2025-07-31 08:40:28 | INFO |   Fuerza mínima: 60%
2025-07-31 08:40:28 | INFO |   Cruces válidos: últimas 2 velas
2025-07-31 08:40:28 | INFO |   Permitir rebotes: Sí
2025-07-31 08:40:28 | INFO |   Máx rebotes: 1 de hasta 2 puntos
2025-07-31 08:40:28 | INFO |   🎯 Máximo trades simultáneos: 1
2025-07-31 08:40:28 | INFO | ============================================================
2025-07-31 08:40:28 | INFO | ✅ Sistema iniciado - Detectando momentum real con validación dinámica
2025-07-31 08:40:28 | INFO | 🎯 Iniciando operaciones...
2025-07-31 08:40:28 | INFO | ℹ️ Presiona Ctrl+C para detener la estrategia
2025-07-31 08:40:28 | INFO | 🚀 Iniciando estrategia ALGEBRA Multi-Activos (LÓGICA INVERTIDA)
2025-07-31 08:40:28 | INFO | 📊 Configuración: 9 activos disponibles
2025-07-31 08:40:28 | INFO | ⚙️ Modo: BALANCED - Balance entre cantidad y calidad
2025-07-31 08:40:28 | INFO | 📊 RSI en timeframe de 5 minutos
2025-07-31 08:40:28 | INFO | ⏱️ Expiración de opciones: 1 minutos
2025-07-31 08:40:28 | INFO | ⏰ Tiempo entre señales: 60 minutos
2025-07-31 08:40:28 | INFO | 🔄 Bloqueo diario después de 2 operaciones consecutivas (wins o losses)
2025-07-31 08:40:28 | INFO | 🎯 Máximo 1 trade(s) simultáneo(s)
2025-07-31 08:40:28 | INFO | 💪 Fuerza mínima de señal: 60%
2025-07-31 08:40:28 | INFO | 🆕 Solo cruces frescos en últimas 2 velas
2025-07-31 08:42:43 | INFO | 🔄 Ciclo #10 - 2025-07-31 08:42:43 - Trades activos: 0/1
2025-07-31 08:45:13 | INFO | 🔄 Ciclo #20 - 2025-07-31 08:45:13 - Trades activos: 0/1
2025-07-31 08:46:47 | INFO | ⏹️ Estrategia detenida por el usuario
2025-07-31 08:46:47 | INFO | 🏁 Finalizando estrategia...
2025-07-31 08:46:48 | INFO | ============================================================
2025-07-31 08:46:48 | INFO | 📊 RESUMEN DE LA ESTRATEGIA ALGEBRA MULTI-ACTIVOS (LÓGICA INVERTIDA)
2025-07-31 08:46:48 | INFO | ============================================================
2025-07-31 08:46:48 | INFO | ⚡ Estrategia: PUT en sobreventa (RSI dinámico), CALL en sobrecompra (RSI dinámico)
2025-07-31 08:46:48 | INFO | ⚙️ Modo: BALANCED - Balance entre cantidad y calidad
2025-07-31 08:46:48 | INFO | 🎯 Límite de trades simultáneos: 1
2025-07-31 08:46:48 | INFO | 💰 Capital Inicial: $7,696.85
2025-07-31 08:46:48 | INFO | 💰 Balance Final: $7,696.85
2025-07-31 08:46:48 | INFO | 📈 Rendimiento Total: 0.00%
2025-07-31 08:46:48 | INFO | 🎯 Total Operaciones: 0
2025-07-31 08:46:48 | INFO | 💵 Beneficio Neto: $0.00
2025-07-31 08:46:48 | INFO | 📉 Capital Mínimo: $7,696.85
2025-07-31 08:46:48 | INFO | 
📊 Estadísticas por Activo (agrupadas por tipo):
2025-07-31 08:46:48 | INFO | 
📅 Rendimiento Mensual:
2025-07-31 08:46:48 | INFO | ============================================================
2025-07-31 08:46:48 | INFO | 👋 Estrategia finalizada
2025-07-31 08:46:48 | INFO | 👋 Programa finalizado
2025-07-31 08:46:55 | INFO | ============================================================
2025-07-31 08:46:55 | INFO |    ESTRATEGIA ALGEBRA MULTI-ACTIVOS PARA OPTION
2025-07-31 08:46:55 | INFO |    ⚡ LÓGICA INVERTIDA ⚡
2025-07-31 08:46:55 | INFO | ============================================================
2025-07-31 08:46:55 | INFO | 📅 Fecha/Hora: 2025-07-31 08:46:55
2025-07-31 08:46:55 | INFO | 📧 Usuario: syl***@gmail.com
2025-07-31 08:46:55 | INFO | ============================================================
2025-07-31 08:46:55 | INFO | ⚠️ IMPORTANTE: Esta estrategia usa lógica INVERTIDA
2025-07-31 08:46:55 | INFO |    - PUT cuando RSI ≤ 35 (sobreventa)
2025-07-31 08:46:55 | INFO |    - CALL cuando RSI ≥ 65 (sobrecompra)
2025-07-31 08:46:55 | INFO | ============================================================
2025-07-31 08:46:55 | INFO | 🚀 Inicializando estrategia...
2025-07-31 08:46:55 | INFO | 🎯 Pares seleccionados: NVDA/AMD, TESLA/FORD, META/GOOGLE, AMZN/ALIBABA, MSFT/AAPL, AMZN/EBAY, NFLX/AMZN, GOOGLE/MSFT, INTEL/IBM
2025-07-31 08:46:55 | INFO | 💰 Tamaño de posición: 5%
2025-07-31 08:46:55 | INFO | ⚡ Nivel de agresividad: agresivo
2025-07-31 08:46:55 | INFO | 🎯 INICIANDO ESTRATEGIA ALGEBRA MULTI-ACTIVOS (LÓGICA INVERTIDA)
2025-07-31 08:46:55 | INFO | 📊 Configuración: Niveles RSI dinámicos por grupo de activos
2025-07-31 08:46:55 | INFO | ⚡ LÓGICA INVERTIDA: PUT en sobreventa, CALL en sobrecompra
2025-07-31 08:46:55 | INFO | 🎯 LÍMITE DE TRADES SIMULTÁNEOS: 1
2025-07-31 08:46:55 | INFO | 🎯 PARES SELECCIONADOS: ['NVDA/AMD', 'TESLA/FORD', 'META/GOOGLE', 'AMZN/ALIBABA', 'MSFT/AAPL', 'AMZN/EBAY', 'NFLX/AMZN', 'GOOGLE/MSFT', 'INTEL/IBM']
2025-07-31 08:46:55 | INFO | ✅ Par habilitado: NVDA/AMD
2025-07-31 08:46:55 | INFO | ✅ Par habilitado: TESLA/FORD
2025-07-31 08:46:55 | INFO | ✅ Par habilitado: META/GOOGLE
2025-07-31 08:46:55 | INFO | ✅ Par habilitado: AMZN/ALIBABA
2025-07-31 08:46:55 | INFO | ✅ Par habilitado: MSFT/AAPL
2025-07-31 08:46:55 | INFO | ✅ Par habilitado: AMZN/EBAY
2025-07-31 08:46:55 | INFO | ✅ Par habilitado: NFLX/AMZN
2025-07-31 08:46:55 | INFO | ✅ Par habilitado: GOOGLE/MSFT
2025-07-31 08:46:55 | INFO | ✅ Par habilitado: INTEL/IBM
2025-07-31 08:46:55 | INFO | 🎯 Operando con 9 pares seleccionados
2025-07-31 08:46:55 | INFO | 💰 Tamaño de posición personalizado: 5%
2025-07-31 08:46:55 | INFO | ⚡ Agresividad personalizada: agresivo → AGGRESSIVE
2025-07-31 08:46:55 | INFO | ⚙️ Modo de agresividad: AGGRESSIVE (personalizado)
2025-07-31 08:46:55 | INFO | 📊 Timeframe: 5 min | Expiración: 5 min | Fuerza mínima: 50%
2025-07-31 08:46:55 | INFO | 🔗 Conectando a IQ Option...
2025-07-31 08:46:57 | INFO | ✅ Conexión exitosa
2025-07-31 08:46:57 | INFO | 💰 Balance actual: $7,696.85
2025-07-31 08:46:57 | INFO | 💰 Capital inicial: $7,696.85
2025-07-31 08:46:57 | WARNING | ⚠️ Modo de agresividad cambió: BALANCED → AGGRESSIVE
2025-07-31 08:46:57 | WARNING |    Limpiando historial RSI para adaptarse al nuevo modo
2025-07-31 08:46:57 | INFO | ✅ Estado cargado desde 2025-07-31T08:46:47.914679
2025-07-31 08:46:57 | INFO | 🔍 Verificando activos disponibles...
2025-07-31 08:47:05 | INFO | ✅ NVDA/AMD: Encontrado como NVDA/AMD-OTC (turbo) - Grupo: PAIR
2025-07-31 08:47:05 | INFO | ✅ NVDA/AMD: Encontrado como NVDA/AMD-OTC (binary) - Grupo: PAIR
2025-07-31 08:47:05 | INFO | ✅ TESLA/FORD: Encontrado como TESLA/FORD-OTC (turbo) - Grupo: PAIR
2025-07-31 08:47:05 | INFO | ✅ TESLA/FORD: Encontrado como TESLA/FORD-OTC (binary) - Grupo: PAIR
2025-07-31 08:47:05 | INFO | ✅ META/GOOGLE: Encontrado como META/GOOGLE-OTC (turbo) - Grupo: PAIR
2025-07-31 08:47:05 | INFO | ✅ META/GOOGLE: Encontrado como META/GOOGLE-OTC (binary) - Grupo: PAIR
2025-07-31 08:47:05 | INFO | ✅ AMZN/ALIBABA: Encontrado como AMZN/ALIBABA-OTC (turbo) - Grupo: PAIR
2025-07-31 08:47:05 | INFO | ✅ AMZN/ALIBABA: Encontrado como AMZN/ALIBABA-OTC (binary) - Grupo: PAIR
2025-07-31 08:47:05 | INFO | ✅ MSFT/AAPL: Encontrado como MSFT/AAPL-OTC (turbo) - Grupo: PAIR
2025-07-31 08:47:05 | INFO | ✅ MSFT/AAPL: Encontrado como MSFT/AAPL-OTC (binary) - Grupo: PAIR
2025-07-31 08:47:05 | INFO | ✅ AMZN/EBAY: Encontrado como AMZN/EBAY-OTC (turbo) - Grupo: PAIR
2025-07-31 08:47:05 | INFO | ✅ AMZN/EBAY: Encontrado como AMZN/EBAY-OTC (binary) - Grupo: PAIR
2025-07-31 08:47:05 | INFO | ✅ NFLX/AMZN: Encontrado como NFLX/AMZN-OTC (turbo) - Grupo: PAIR
2025-07-31 08:47:05 | INFO | ✅ NFLX/AMZN: Encontrado como NFLX/AMZN-OTC (binary) - Grupo: PAIR
2025-07-31 08:47:05 | INFO | ✅ GOOGLE/MSFT: Encontrado como GOOGLE/MSFT-OTC (turbo) - Grupo: PAIR
2025-07-31 08:47:05 | INFO | ✅ GOOGLE/MSFT: Encontrado como GOOGLE/MSFT-OTC (binary) - Grupo: PAIR
2025-07-31 08:47:05 | INFO | ✅ INTEL/IBM: Encontrado como INTEL/IBM-OTC (turbo) - Grupo: PAIR
2025-07-31 08:47:05 | INFO | ✅ INTEL/IBM: Encontrado como INTEL/IBM-OTC (binary) - Grupo: PAIR
2025-07-31 08:47:05 | INFO | 📊 Total activos disponibles: 9
2025-07-31 08:47:05 | INFO | 
📊 CONFIGURACIÓN DE NIVELES RSI POR GRUPO:
2025-07-31 08:47:05 | INFO | ============================================================
2025-07-31 08:47:05 | INFO | 
PAIR:
2025-07-31 08:47:05 | INFO |   Activos: NVDA/AMD, TESLA/FORD, META/GOOGLE, AMZN/ALIBABA, MSFT/AAPL, AMZN/EBAY, NFLX/AMZN, GOOGLE/MSFT, INTEL/IBM
2025-07-31 08:47:05 | INFO |   RSI Sobreventa/Sobrecompra: 32/68
2025-07-31 08:47:05 | INFO |   Momentum mínimo: 4 puntos
2025-07-31 08:47:05 | INFO |   Tamaño posición: 5% (personalizado)
2025-07-31 08:47:05 | INFO | ============================================================
2025-07-31 08:47:05 | INFO | 
⚡ CONFIGURACIÓN DE SEÑALES:
2025-07-31 08:47:05 | INFO |   Modo: AGGRESSIVE (personalizado)
2025-07-31 08:47:05 | INFO |   Fuerza mínima: 50%
2025-07-31 08:47:05 | INFO |   Cruces válidos: últimas 3 velas
2025-07-31 08:47:05 | INFO |   Permitir rebotes: Sí
2025-07-31 08:47:05 | INFO |   Máx rebotes: 2 de hasta 3 puntos
2025-07-31 08:47:05 | INFO |   🎯 Máximo trades simultáneos: 1
2025-07-31 08:47:05 | INFO | ============================================================
2025-07-31 08:47:05 | INFO | ✅ Sistema iniciado - Detectando momentum real con validación dinámica
2025-07-31 08:47:05 | INFO | 🎯 Iniciando operaciones...
2025-07-31 08:47:05 | INFO | ℹ️ Presiona Ctrl+C para detener la estrategia
2025-07-31 08:47:05 | INFO | 🚀 Iniciando estrategia ALGEBRA Multi-Activos (LÓGICA INVERTIDA)
2025-07-31 08:47:05 | INFO | 📊 Configuración: 9 activos disponibles
2025-07-31 08:47:05 | INFO | ⚙️ Modo: BALANCED - Balance entre cantidad y calidad
2025-07-31 08:47:05 | INFO | 📊 RSI en timeframe de 5 minutos
2025-07-31 08:47:05 | INFO | ⏱️ Expiración de opciones: 5 minutos
2025-07-31 08:47:05 | INFO | ⏰ Tiempo entre señales: 60 minutos
2025-07-31 08:47:05 | INFO | 🔄 Bloqueo diario después de 2 operaciones consecutivas (wins o losses)
2025-07-31 08:47:05 | INFO | 🎯 Máximo 1 trade(s) simultáneo(s)
2025-07-31 08:47:05 | INFO | 💪 Fuerza mínima de señal: 60%
2025-07-31 08:47:05 | INFO | 🆕 Solo cruces frescos en últimas 2 velas
2025-07-31 08:49:20 | INFO | 🔄 Ciclo #10 - 2025-07-31 08:49:20 - Trades activos: 0/1
2025-07-31 08:51:50 | INFO | 🔄 Ciclo #20 - 2025-07-31 08:51:50 - Trades activos: 0/1
2025-07-31 08:54:21 | INFO | 🔄 Ciclo #30 - 2025-07-31 08:54:21 - Trades activos: 0/1
2025-07-31 08:56:32 | INFO | ============================================================
2025-07-31 08:56:32 | INFO |    ESTRATEGIA ALGEBRA MULTI-ACTIVOS PARA OPTION
2025-07-31 08:56:32 | INFO |    ⚡ LÓGICA INVERTIDA ⚡
2025-07-31 08:56:32 | INFO | ============================================================
2025-07-31 08:56:32 | INFO | 📅 Fecha/Hora: 2025-07-31 08:56:32
2025-07-31 08:56:32 | INFO | 📧 Usuario: syl***@gmail.com
2025-07-31 08:56:32 | INFO | ============================================================
2025-07-31 08:56:32 | INFO | ⚠️ IMPORTANTE: Esta estrategia usa lógica INVERTIDA
2025-07-31 08:56:32 | INFO | Sistema de trading iniciado con configuración:
2025-07-31 08:56:51 | INFO | 🔄 Ciclo #40 - 2025-07-31 08:56:51 - Trades activos: 0/1
2025-07-31 08:59:21 | INFO | 🔄 Ciclo #50 - 2025-07-31 08:59:21 - Trades activos: 0/1
2025-07-31 09:01:01 | INFO | ============================================================
2025-07-31 09:01:01 | INFO |    ESTRATEGIA ALGEBRA MULTI-ACTIVOS PARA OPTION
2025-07-31 09:01:01 | INFO |    ⚡ LÓGICA INVERTIDA ⚡
2025-07-31 09:01:01 | INFO | ============================================================
2025-07-31 09:01:01 | INFO | 📅 Fecha/Hora: 2025-07-31 09:01:01
2025-07-31 09:01:01 | INFO | 📧 Usuario: syl***@gmail.com
2025-07-31 09:01:01 | INFO | ============================================================
2025-07-31 09:01:01 | INFO | ⚠️ IMPORTANTE: Esta estrategia usa lógica INVERTIDA
2025-07-31 09:01:01 | INFO | Sistema de trading iniciado con configuración:
2025-07-31 09:01:21 | INFO | ============================================================
2025-07-31 09:01:21 | INFO |    ESTRATEGIA ALGEBRA MULTI-ACTIVOS PARA OPTION
2025-07-31 09:01:21 | INFO |    ⚡ LÓGICA INVERTIDA ⚡
2025-07-31 09:01:21 | INFO | ============================================================
2025-07-31 09:01:21 | INFO | 📅 Fecha/Hora: 2025-07-31 09:01:21
2025-07-31 09:01:21 | INFO | 📧 Usuario: syl***@gmail.com
2025-07-31 09:01:21 | INFO | ============================================================
2025-07-31 09:01:21 | INFO | ⚠️ IMPORTANTE: Esta estrategia usa lógica INVERTIDA
2025-07-31 09:01:21 | INFO | Sistema de trading iniciado con configuración:
2025-07-31 09:01:33 | INFO | ============================================================
2025-07-31 09:01:33 | INFO |    ESTRATEGIA ALGEBRA MULTI-ACTIVOS PARA OPTION
2025-07-31 09:01:33 | INFO |    ⚡ LÓGICA INVERTIDA ⚡
2025-07-31 09:01:33 | INFO | ============================================================
2025-07-31 09:01:33 | INFO | 📅 Fecha/Hora: 2025-07-31 09:01:33
2025-07-31 09:01:33 | INFO | 📧 Usuario: syl***@gmail.com
2025-07-31 09:01:33 | INFO | ============================================================
2025-07-31 09:01:33 | INFO | ⚠️ IMPORTANTE: Esta estrategia usa lógica INVERTIDA
2025-07-31 09:01:33 | INFO | Sistema de trading iniciado con configuración:
2025-07-31 09:01:51 | INFO | 🔄 Ciclo #60 - 2025-07-31 09:01:51 - Trades activos: 0/1
2025-07-31 09:04:21 | INFO | 🔄 Ciclo #70 - 2025-07-31 09:04:21 - Trades activos: 0/1
2025-07-31 09:06:51 | INFO | 🔄 Ciclo #80 - 2025-07-31 09:06:51 - Trades activos: 0/1
2025-07-31 09:09:21 | INFO | 🔄 Ciclo #90 - 2025-07-31 09:09:21 - Trades activos: 0/1
2025-07-31 09:11:51 | INFO | 🔄 Ciclo #100 - 2025-07-31 09:11:51 - Trades activos: 0/1
2025-07-31 09:11:54 | INFO | 🔄 Re-verificando activos disponibles...
2025-07-31 09:11:54 | INFO | 🔍 Verificando activos disponibles...
2025-07-31 09:12:01 | INFO | ✅ NVDA/AMD: Encontrado como NVDA/AMD-OTC (turbo) - Grupo: PAIR
2025-07-31 09:12:01 | INFO | ✅ NVDA/AMD: Encontrado como NVDA/AMD-OTC (binary) - Grupo: PAIR
2025-07-31 09:12:01 | INFO | ✅ TESLA/FORD: Encontrado como TESLA/FORD-OTC (turbo) - Grupo: PAIR
2025-07-31 09:12:01 | INFO | ✅ TESLA/FORD: Encontrado como TESLA/FORD-OTC (binary) - Grupo: PAIR
2025-07-31 09:12:01 | INFO | ✅ META/GOOGLE: Encontrado como META/GOOGLE-OTC (turbo) - Grupo: PAIR
2025-07-31 09:12:01 | INFO | ✅ META/GOOGLE: Encontrado como META/GOOGLE-OTC (binary) - Grupo: PAIR
2025-07-31 09:12:01 | INFO | ✅ AMZN/ALIBABA: Encontrado como AMZN/ALIBABA-OTC (turbo) - Grupo: PAIR
2025-07-31 09:12:01 | INFO | ✅ AMZN/ALIBABA: Encontrado como AMZN/ALIBABA-OTC (binary) - Grupo: PAIR
2025-07-31 09:12:01 | INFO | ✅ MSFT/AAPL: Encontrado como MSFT/AAPL-OTC (turbo) - Grupo: PAIR
2025-07-31 09:12:01 | INFO | ✅ MSFT/AAPL: Encontrado como MSFT/AAPL-OTC (binary) - Grupo: PAIR
2025-07-31 09:12:01 | INFO | ✅ AMZN/EBAY: Encontrado como AMZN/EBAY-OTC (turbo) - Grupo: PAIR
2025-07-31 09:12:01 | INFO | ✅ AMZN/EBAY: Encontrado como AMZN/EBAY-OTC (binary) - Grupo: PAIR
2025-07-31 09:12:01 | INFO | ✅ NFLX/AMZN: Encontrado como NFLX/AMZN-OTC (turbo) - Grupo: PAIR
2025-07-31 09:12:01 | INFO | ✅ NFLX/AMZN: Encontrado como NFLX/AMZN-OTC (binary) - Grupo: PAIR
2025-07-31 09:12:01 | INFO | ✅ GOOGLE/MSFT: Encontrado como GOOGLE/MSFT-OTC (turbo) - Grupo: PAIR
2025-07-31 09:12:01 | INFO | ✅ GOOGLE/MSFT: Encontrado como GOOGLE/MSFT-OTC (binary) - Grupo: PAIR
2025-07-31 09:12:01 | INFO | ✅ INTEL/IBM: Encontrado como INTEL/IBM-OTC (turbo) - Grupo: PAIR
2025-07-31 09:12:01 | INFO | ✅ INTEL/IBM: Encontrado como INTEL/IBM-OTC (binary) - Grupo: PAIR
2025-07-31 09:12:01 | INFO | 📊 Total activos disponibles: 9
2025-07-31 09:14:21 | INFO | 🔄 Ciclo #110 - 2025-07-31 09:14:21 - Trades activos: 0/1
2025-07-31 09:16:51 | INFO | 🔄 Ciclo #120 - 2025-07-31 09:16:51 - Trades activos: 0/1
2025-07-31 09:19:21 | INFO | 🔄 Ciclo #130 - 2025-07-31 09:19:21 - Trades activos: 0/1
2025-07-31 09:19:36 | INFO | ⏹️ Estrategia detenida por el usuario
2025-07-31 09:19:36 | INFO | 🏁 Finalizando estrategia...
2025-07-31 09:19:36 | INFO | ============================================================
2025-07-31 09:19:36 | INFO | 📊 RESUMEN DE LA ESTRATEGIA ALGEBRA MULTI-ACTIVOS (LÓGICA INVERTIDA)
2025-07-31 09:19:36 | INFO | ============================================================
2025-07-31 09:19:36 | INFO | ⚡ Estrategia: PUT en sobreventa (RSI dinámico), CALL en sobrecompra (RSI dinámico)
2025-07-31 09:19:36 | INFO | ⚙️ Modo: BALANCED - Balance entre cantidad y calidad
2025-07-31 09:19:36 | INFO | 🎯 Límite de trades simultáneos: 1
2025-07-31 09:19:36 | INFO | 💰 Capital Inicial: $7,696.85
2025-07-31 09:19:36 | INFO | 💰 Balance Final: $7,696.85
2025-07-31 09:19:36 | INFO | 📈 Rendimiento Total: 0.00%
2025-07-31 09:19:36 | INFO | 🎯 Total Operaciones: 0
2025-07-31 09:19:36 | INFO | 💵 Beneficio Neto: $0.00
2025-07-31 09:19:36 | INFO | 📉 Capital Mínimo: $7,696.85
2025-07-31 09:19:36 | INFO | 
📊 Estadísticas por Activo (agrupadas por tipo):
2025-07-31 09:19:36 | INFO | 
📅 Rendimiento Mensual:
2025-07-31 09:19:36 | INFO | ============================================================
2025-07-31 09:19:36 | INFO | 👋 Estrategia finalizada
2025-07-31 09:19:36 | INFO | 👋 Programa finalizado
