2025-08-01 08:55:20 | INFO | ============================================================
2025-08-01 08:55:20 | INFO |    ESTRATEGIA ALGEBRA MULTI-ACTIVOS PARA OPTION
2025-08-01 08:55:20 | INFO |    ⚡ LÓGICA INVERTIDA ⚡
2025-08-01 08:55:20 | INFO | ============================================================
2025-08-01 08:55:20 | INFO | 📅 Fecha/Hora: 2025-08-01 08:55:20
2025-08-01 08:55:20 | INFO | 📧 Usuario: pab***@gmail.com
2025-08-01 08:55:20 | INFO | ============================================================
2025-08-01 08:55:20 | INFO | ⚠️ IMPORTANTE: Esta estrategia usa lógica INVERTIDA
2025-08-01 08:55:20 | INFO |    - PUT cuando Algebra Inversa ≤ 35 (sobreventa)
2025-08-01 08:55:20 | INFO |    - CALL cuando Algebra Inversa ≥ 65 (sobrecompra)
2025-08-01 08:55:20 | INFO | ============================================================
2025-08-01 08:55:20 | INFO | 🚀 Inicializando estrategia...
2025-08-01 08:55:20 | INFO | 🎯 Pares seleccionados: NVDA/AMD, TESLA/FORD, META/GOOGLE, AMZN/ALIBABA, MSFT/AAPL, AMZN/EBAY, NFLX/AMZN, GOOGLE/MSFT, INTEL/IBM
2025-08-01 08:55:20 | INFO | 💰 Tamaño de posición: 8%
2025-08-01 08:55:20 | INFO | ⚡ Nivel de agresividad: agresivo
2025-08-01 08:55:20 | INFO | 🎯 INICIANDO ESTRATEGIA ALGEBRA MULTI-ACTIVOS (LÓGICA INVERTIDA)
2025-08-01 08:55:20 | INFO | 📊 Configuración: Niveles Algebra Inversa dinámicos por grupo de activos
2025-08-01 08:55:20 | INFO | ⚡ LÓGICA INVERTIDA: PUT en sobreventa, CALL en sobrecompra
2025-08-01 08:55:20 | INFO | 🎯 LÍMITE DE TRADES SIMULTÁNEOS: 1
2025-08-01 08:55:20 | INFO | 🎯 PARES SELECCIONADOS: ['NVDA/AMD', 'TESLA/FORD', 'META/GOOGLE', 'AMZN/ALIBABA', 'MSFT/AAPL', 'AMZN/EBAY', 'NFLX/AMZN', 'GOOGLE/MSFT', 'INTEL/IBM']
2025-08-01 08:55:20 | INFO | ✅ Par habilitado: NVDA/AMD
2025-08-01 08:55:20 | INFO | ✅ Par habilitado: TESLA/FORD
2025-08-01 08:55:20 | INFO | ✅ Par habilitado: META/GOOGLE
2025-08-01 08:55:20 | INFO | ✅ Par habilitado: AMZN/ALIBABA
2025-08-01 08:55:20 | INFO | ✅ Par habilitado: MSFT/AAPL
2025-08-01 08:55:20 | INFO | ✅ Par habilitado: AMZN/EBAY
2025-08-01 08:55:20 | INFO | ✅ Par habilitado: NFLX/AMZN
2025-08-01 08:55:20 | INFO | ✅ Par habilitado: GOOGLE/MSFT
2025-08-01 08:55:20 | INFO | ✅ Par habilitado: INTEL/IBM
2025-08-01 08:55:20 | INFO | 🎯 Operando con 9 pares seleccionados
2025-08-01 08:55:20 | INFO | 💰 Tamaño de posición personalizado: 8%
2025-08-01 08:55:20 | INFO | ⚡ Agresividad personalizada: agresivo → AGGRESSIVE
2025-08-01 08:55:20 | INFO | ⚙️ Modo de agresividad: AGGRESSIVE (personalizado)
2025-08-01 08:55:20 | INFO | 📊 Timeframe: 5 min | Expiración: 5 min | Fuerza mínima: 50%
2025-08-01 08:55:20 | INFO | 🔗 Conectando a IQ Option...
2025-08-01 08:55:22 | INFO | ✅ Conexión exitosa
2025-08-01 08:55:22 | INFO | 💰 Balance actual: $10,425.00
2025-08-01 08:55:23 | INFO | 💰 Capital inicial: $10,425.00
2025-08-01 08:55:23 | INFO | 📂 No hay archivo de estado previo
2025-08-01 08:55:23 | INFO | 🔍 Verificando activos disponibles...
2025-08-01 08:55:29 | INFO | ✅ NVDA/AMD: Encontrado como NVDA/AMD-OTC (turbo) - Grupo: PAIR
2025-08-01 08:55:29 | INFO | ✅ NVDA/AMD: Encontrado como NVDA/AMD-OTC (binary) - Grupo: PAIR
2025-08-01 08:55:29 | INFO | ✅ TESLA/FORD: Encontrado como TESLA/FORD-OTC (turbo) - Grupo: PAIR
2025-08-01 08:55:29 | INFO | ✅ TESLA/FORD: Encontrado como TESLA/FORD-OTC (binary) - Grupo: PAIR
2025-08-01 08:55:29 | INFO | ✅ META/GOOGLE: Encontrado como META/GOOGLE-OTC (turbo) - Grupo: PAIR
2025-08-01 08:55:29 | INFO | ✅ META/GOOGLE: Encontrado como META/GOOGLE-OTC (binary) - Grupo: PAIR
2025-08-01 08:55:29 | INFO | ✅ AMZN/ALIBABA: Encontrado como AMZN/ALIBABA-OTC (turbo) - Grupo: PAIR
2025-08-01 08:55:29 | INFO | ✅ AMZN/ALIBABA: Encontrado como AMZN/ALIBABA-OTC (binary) - Grupo: PAIR
2025-08-01 08:55:29 | INFO | ✅ MSFT/AAPL: Encontrado como MSFT/AAPL-OTC (turbo) - Grupo: PAIR
2025-08-01 08:55:29 | INFO | ✅ MSFT/AAPL: Encontrado como MSFT/AAPL-OTC (binary) - Grupo: PAIR
2025-08-01 08:55:29 | INFO | ✅ AMZN/EBAY: Encontrado como AMZN/EBAY-OTC (turbo) - Grupo: PAIR
2025-08-01 08:55:29 | INFO | ✅ AMZN/EBAY: Encontrado como AMZN/EBAY-OTC (binary) - Grupo: PAIR
2025-08-01 08:55:29 | INFO | ✅ NFLX/AMZN: Encontrado como NFLX/AMZN-OTC (turbo) - Grupo: PAIR
2025-08-01 08:55:29 | INFO | ✅ NFLX/AMZN: Encontrado como NFLX/AMZN-OTC (binary) - Grupo: PAIR
2025-08-01 08:55:29 | INFO | ✅ GOOGLE/MSFT: Encontrado como GOOGLE/MSFT-OTC (turbo) - Grupo: PAIR
2025-08-01 08:55:29 | INFO | ✅ GOOGLE/MSFT: Encontrado como GOOGLE/MSFT-OTC (binary) - Grupo: PAIR
2025-08-01 08:55:29 | INFO | ✅ INTEL/IBM: Encontrado como INTEL/IBM-OTC (turbo) - Grupo: PAIR
2025-08-01 08:55:29 | INFO | ✅ INTEL/IBM: Encontrado como INTEL/IBM-OTC (binary) - Grupo: PAIR
2025-08-01 08:55:29 | INFO | 📊 Total activos disponibles: 9
2025-08-01 08:55:29 | INFO | 
📊 CONFIGURACIÓN DE NIVELES ALGEBRA INVERSA POR GRUPO:
2025-08-01 08:55:29 | INFO | ============================================================
2025-08-01 08:55:29 | INFO | 
PAIR:
2025-08-01 08:55:29 | INFO |   Activos: NVDA/AMD, TESLA/FORD, META/GOOGLE, AMZN/ALIBABA, MSFT/AAPL, AMZN/EBAY, NFLX/AMZN, GOOGLE/MSFT, INTEL/IBM
2025-08-01 08:55:29 | INFO |   Algebra Inversa Sobreventa/Sobrecompra: 32/68
2025-08-01 08:55:29 | INFO |   Momentum mínimo: 4 puntos
2025-08-01 08:55:29 | INFO |   Tamaño posición: 8% (personalizado)
2025-08-01 08:55:29 | INFO | ============================================================
2025-08-01 08:55:29 | INFO | 
⚡ CONFIGURACIÓN DE SEÑALES:
2025-08-01 08:55:29 | INFO |   Modo: AGGRESSIVE (personalizado)
2025-08-01 08:55:29 | INFO |   Fuerza mínima: 50%
2025-08-01 08:55:29 | INFO |   Cruces válidos: últimas 3 niveles dinámicos
2025-08-01 08:55:29 | INFO |   Permitir rebotes: Sí
2025-08-01 08:55:29 | INFO |   Máx rebotes: 2 de hasta 3 puntos
2025-08-01 08:55:29 | INFO |   🎯 Máximo trades simultáneos: 1
2025-08-01 08:55:29 | INFO | ============================================================
2025-08-01 08:55:29 | INFO | ✅ Sistema iniciado - Detectando momentum real con validación dinámica
2025-08-01 08:55:29 | INFO | 🎯 Iniciando operaciones...
2025-08-01 08:55:29 | INFO | ℹ️ Para detener la estrategia, desactiva el switch en el dashboard
2025-08-01 08:55:29 | INFO | 🚀 Iniciando estrategia ALGEBRA Multi-Activos (LÓGICA INVERTIDA)
2025-08-01 08:55:29 | INFO | 📊 Configuración: 9 activos disponibles
2025-08-01 08:55:29 | INFO | ⚙️ Modo: AGGRESSIVE (personalizado) - Más señales, menor filtro
2025-08-01 08:55:29 | INFO | 📊 Algebra Inversa en timeframe de 5 minutos
2025-08-01 08:55:29 | INFO | ⏱️ Expiración de opciones: 5 minutos
2025-08-01 08:55:29 | INFO | ⏰ Tiempo entre señales: 60 minutos
2025-08-01 08:55:29 | INFO | 🔄 Bloqueo diario después de 2 operaciones consecutivas (wins o losses)
2025-08-01 08:55:29 | INFO | 🎯 Máximo 1 trade(s) simultáneo(s)
2025-08-01 08:55:29 | INFO | 💪 Fuerza mínima de señal: 50%
2025-08-01 08:55:29 | INFO | 🆕 Solo cruces frescos en últimas 3 niveles dinámicos
2025-08-01 08:57:44 | INFO | 🔄 Ciclo #10 - 2025-08-01 08:57:44 - Trades activos: 0/1
2025-08-01 09:00:14 | INFO | 🔄 Ciclo #20 - 2025-08-01 09:00:14 - Trades activos: 0/1
2025-08-01 09:02:44 | INFO | 🔄 Ciclo #30 - 2025-08-01 09:02:44 - Trades activos: 0/1
2025-08-01 09:05:14 | INFO | 🔄 Ciclo #40 - 2025-08-01 09:05:14 - Trades activos: 0/1
2025-08-01 09:06:31 | INFO | ⏹️ Estrategia detenida por el usuario
2025-08-01 09:06:31 | INFO | 🏁 Finalizando estrategia...
2025-08-01 09:06:31 | INFO | ============================================================
2025-08-01 09:06:31 | INFO | 📊 RESUMEN DE LA ESTRATEGIA ALGEBRA MULTI-ACTIVOS (LÓGICA INVERTIDA)
2025-08-01 09:06:31 | INFO | ============================================================
2025-08-01 09:06:31 | INFO | ⚡ Estrategia: PUT en sobreventa (Algebra Inversa dinámico), CALL en sobrecompra (Algebra Inversa dinámico)
2025-08-01 09:06:31 | INFO | ⚙️ Modo: BALANCED - Balance entre cantidad y calidad
2025-08-01 09:06:31 | INFO | 🎯 Límite de trades simultáneos: 1
2025-08-01 09:06:31 | INFO | 💰 Capital Inicial: $10,425.00
2025-08-01 09:06:31 | INFO | 💰 Balance Final: $10,425.00
2025-08-01 09:06:31 | INFO | 📈 Rendimiento Total: 0.00%
2025-08-01 09:06:31 | INFO | 🎯 Total Operaciones: 0
2025-08-01 09:06:31 | INFO | 💵 Beneficio Neto: $0.00
2025-08-01 09:06:31 | INFO | 📉 Capital Mínimo: $10,425.00
2025-08-01 09:06:31 | INFO | 
📊 Estadísticas por Activo (agrupadas por tipo):
2025-08-01 09:06:31 | INFO | 
📅 Rendimiento Mensual:
2025-08-01 09:06:31 | INFO | ============================================================
2025-08-01 09:06:31 | INFO | 👋 Estrategia finalizada
2025-08-01 09:06:31 | INFO | 👋 Programa finalizado
