2025-07-31 10:53:35 | INFO | ============================================================
2025-07-31 10:53:35 | INFO |    ESTRATEGIA ALGEBRA MULTI-ACTIVOS PARA OPTION
2025-07-31 10:53:35 | INFO |    ⚡ LÓGICA INVERTIDA ⚡
2025-07-31 10:53:35 | INFO | ============================================================
2025-07-31 10:53:35 | INFO | 📅 Fecha/Hora: 2025-07-31 10:53:35
2025-07-31 10:53:35 | INFO | 📧 Usuario: syl***@gmail.com
2025-07-31 10:53:35 | INFO | ============================================================
2025-07-31 10:53:35 | INFO | ⚠️ IMPORTANTE: Esta estrategia usa lógica INVERTIDA
2025-07-31 10:53:35 | INFO |    - PUT cuando Algebra Inversa ≤ 35 (sobreventa)
2025-07-31 10:53:35 | INFO |    - CALL cuando Algebra Inversa ≥ 65 (sobrecompra)
2025-07-31 10:53:35 | INFO | ============================================================
2025-07-31 10:53:35 | INFO | 🚀 Inicializando estrategia...
2025-07-31 10:53:35 | INFO | 🎯 Pares seleccionados: NVDA/AMD, TESLA/FORD, META/GOOGLE, AMZN/ALIBABA, MSFT/AAPL, AMZN/EBAY, NFLX/AMZN, GOOGLE/MSFT, INTEL/IBM
2025-07-31 10:53:35 | INFO | 💰 Tamaño de posición: 5%
2025-07-31 10:53:35 | INFO | ⚡ Nivel de agresividad: balanceado
2025-07-31 10:53:35 | INFO | 🎯 INICIANDO ESTRATEGIA ALGEBRA MULTI-ACTIVOS (LÓGICA INVERTIDA)
2025-07-31 10:53:35 | INFO | 📊 Configuración: Niveles Algebra Inversa dinámicos por grupo de activos
2025-07-31 10:53:35 | INFO | ⚡ LÓGICA INVERTIDA: PUT en sobreventa, CALL en sobrecompra
2025-07-31 10:53:35 | INFO | 🎯 LÍMITE DE TRADES SIMULTÁNEOS: 1
2025-07-31 10:53:35 | INFO | 🎯 PARES SELECCIONADOS: ['NVDA/AMD', 'TESLA/FORD', 'META/GOOGLE', 'AMZN/ALIBABA', 'MSFT/AAPL', 'AMZN/EBAY', 'NFLX/AMZN', 'GOOGLE/MSFT', 'INTEL/IBM']
2025-07-31 10:53:35 | INFO | ✅ Par habilitado: NVDA/AMD
2025-07-31 10:53:35 | INFO | ✅ Par habilitado: TESLA/FORD
2025-07-31 10:53:35 | INFO | ✅ Par habilitado: META/GOOGLE
2025-07-31 10:53:35 | INFO | ✅ Par habilitado: AMZN/ALIBABA
2025-07-31 10:53:35 | INFO | ✅ Par habilitado: MSFT/AAPL
2025-07-31 10:53:35 | INFO | ✅ Par habilitado: AMZN/EBAY
2025-07-31 10:53:35 | INFO | ✅ Par habilitado: NFLX/AMZN
2025-07-31 10:53:35 | INFO | ✅ Par habilitado: GOOGLE/MSFT
2025-07-31 10:53:35 | INFO | ✅ Par habilitado: INTEL/IBM
2025-07-31 10:53:35 | INFO | 🎯 Operando con 9 pares seleccionados
2025-07-31 10:53:35 | INFO | 💰 Tamaño de posición personalizado: 5%
2025-07-31 10:53:35 | INFO | ⚡ Agresividad personalizada: balanceado → BALANCED
2025-07-31 10:53:35 | INFO | ⚙️ Modo de agresividad: BALANCED (personalizado)
2025-07-31 10:53:35 | INFO | 📊 Timeframe: 5 min | Expiración: 1 min | Fuerza mínima: 60%
2025-07-31 10:53:35 | INFO | 🔗 Conectando a IQ Option...
2025-07-31 10:53:38 | INFO | ✅ Conexión exitosa
2025-07-31 10:53:38 | INFO | 💰 Balance actual: $7,696.85
2025-07-31 10:53:38 | INFO | 💰 Capital inicial: $7,696.85
2025-07-31 10:53:38 | INFO | 📂 No hay archivo de estado previo
2025-07-31 10:53:38 | INFO | 🔍 Verificando activos disponibles...
2025-07-31 10:53:46 | INFO | ✅ NVDA/AMD: Encontrado como NVDA/AMD-OTC (turbo) - Grupo: PAIR
2025-07-31 10:53:46 | INFO | ✅ NVDA/AMD: Encontrado como NVDA/AMD-OTC (binary) - Grupo: PAIR
2025-07-31 10:53:46 | INFO | ✅ TESLA/FORD: Encontrado como TESLA/FORD-OTC (turbo) - Grupo: PAIR
2025-07-31 10:53:46 | INFO | ✅ TESLA/FORD: Encontrado como TESLA/FORD-OTC (binary) - Grupo: PAIR
2025-07-31 10:53:46 | INFO | ✅ META/GOOGLE: Encontrado como META/GOOGLE-OTC (turbo) - Grupo: PAIR
2025-07-31 10:53:46 | INFO | ✅ META/GOOGLE: Encontrado como META/GOOGLE-OTC (binary) - Grupo: PAIR
2025-07-31 10:53:46 | INFO | ✅ AMZN/ALIBABA: Encontrado como AMZN/ALIBABA-OTC (turbo) - Grupo: PAIR
2025-07-31 10:53:46 | INFO | ✅ AMZN/ALIBABA: Encontrado como AMZN/ALIBABA-OTC (binary) - Grupo: PAIR
2025-07-31 10:53:46 | INFO | ✅ MSFT/AAPL: Encontrado como MSFT/AAPL-OTC (turbo) - Grupo: PAIR
2025-07-31 10:53:46 | INFO | ✅ MSFT/AAPL: Encontrado como MSFT/AAPL-OTC (binary) - Grupo: PAIR
2025-07-31 10:53:46 | INFO | ✅ AMZN/EBAY: Encontrado como AMZN/EBAY-OTC (turbo) - Grupo: PAIR
2025-07-31 10:53:46 | INFO | ✅ AMZN/EBAY: Encontrado como AMZN/EBAY-OTC (binary) - Grupo: PAIR
2025-07-31 10:53:46 | INFO | ✅ NFLX/AMZN: Encontrado como NFLX/AMZN-OTC (turbo) - Grupo: PAIR
2025-07-31 10:53:46 | INFO | ✅ NFLX/AMZN: Encontrado como NFLX/AMZN-OTC (binary) - Grupo: PAIR
2025-07-31 10:53:46 | INFO | ✅ GOOGLE/MSFT: Encontrado como GOOGLE/MSFT-OTC (turbo) - Grupo: PAIR
2025-07-31 10:53:46 | INFO | ✅ GOOGLE/MSFT: Encontrado como GOOGLE/MSFT-OTC (binary) - Grupo: PAIR
2025-07-31 10:53:46 | INFO | ✅ INTEL/IBM: Encontrado como INTEL/IBM-OTC (turbo) - Grupo: PAIR
2025-07-31 10:53:46 | INFO | ✅ INTEL/IBM: Encontrado como INTEL/IBM-OTC (binary) - Grupo: PAIR
2025-07-31 10:53:46 | INFO | 📊 Total activos disponibles: 9
2025-07-31 10:53:46 | INFO | 
📊 CONFIGURACIÓN DE NIVELES ALGEBRA INVERSA POR GRUPO:
2025-07-31 10:53:46 | INFO | ============================================================
2025-07-31 10:53:46 | INFO | 
PAIR:
2025-07-31 10:53:46 | INFO |   Activos: NVDA/AMD, TESLA/FORD, META/GOOGLE, AMZN/ALIBABA, MSFT/AAPL, AMZN/EBAY, NFLX/AMZN, GOOGLE/MSFT, INTEL/IBM
2025-07-31 10:53:46 | INFO |   Algebra Inversa Sobreventa/Sobrecompra: 32/68
2025-07-31 10:53:46 | INFO |   Momentum mínimo: 4 puntos
2025-07-31 10:53:46 | INFO |   Tamaño posición: 5% (personalizado)
2025-07-31 10:53:46 | INFO | ============================================================
2025-07-31 10:53:46 | INFO | 
⚡ CONFIGURACIÓN DE SEÑALES:
2025-07-31 10:53:46 | INFO |   Modo: BALANCED (personalizado)
2025-07-31 10:53:46 | INFO |   Fuerza mínima: 60%
2025-07-31 10:53:46 | INFO |   Cruces válidos: últimas 2 niveles dinámicos
2025-07-31 10:53:46 | INFO |   Permitir rebotes: Sí
2025-07-31 10:53:46 | INFO |   Máx rebotes: 1 de hasta 2 puntos
2025-07-31 10:53:46 | INFO |   🎯 Máximo trades simultáneos: 1
2025-07-31 10:53:46 | INFO | ============================================================
2025-07-31 10:53:46 | INFO | ✅ Sistema iniciado - Detectando momentum real con validación dinámica
2025-07-31 10:53:46 | INFO | 🎯 Iniciando operaciones...
2025-07-31 10:53:46 | INFO | ℹ️ Para detener la estrategia, desactiva el switch en el dashboard
2025-07-31 10:53:46 | INFO | 🚀 Iniciando estrategia ALGEBRA Multi-Activos (LÓGICA INVERTIDA)
2025-07-31 10:53:46 | INFO | 📊 Configuración: 9 activos disponibles
2025-07-31 10:53:46 | INFO | ⚙️ Modo: BALANCED (personalizado) - Balance entre cantidad y calidad
2025-07-31 10:53:46 | INFO | 📊 Algebra Inversa en timeframe de 5 minutos
2025-07-31 10:53:46 | INFO | ⏱️ Expiración de opciones: 1 minutos
2025-07-31 10:53:46 | INFO | ⏰ Tiempo entre señales: 60 minutos
2025-07-31 10:53:46 | INFO | 🔄 Bloqueo diario después de 2 operaciones consecutivas (wins o losses)
2025-07-31 10:53:46 | INFO | 🎯 Máximo 1 trade(s) simultáneo(s)
2025-07-31 10:53:46 | INFO | 💪 Fuerza mínima de señal: 60%
2025-07-31 10:53:46 | INFO | 🆕 Solo cruces frescos en últimas 2 niveles dinámicos
2025-07-31 10:54:16 | INFO | ⏹️ Estrategia detenida por el usuario
2025-07-31 10:54:16 | INFO | 🏁 Finalizando estrategia...
2025-07-31 10:54:16 | INFO | ============================================================
2025-07-31 10:54:16 | INFO | 📊 RESUMEN DE LA ESTRATEGIA ALGEBRA MULTI-ACTIVOS (LÓGICA INVERTIDA)
2025-07-31 10:54:16 | INFO | ============================================================
2025-07-31 10:54:16 | INFO | ⚡ Estrategia: PUT en sobreventa (Algebra Inversa dinámico), CALL en sobrecompra (Algebra Inversa dinámico)
2025-07-31 10:54:16 | INFO | ⚙️ Modo: BALANCED - Balance entre cantidad y calidad
2025-07-31 10:54:16 | INFO | 🎯 Límite de trades simultáneos: 1
2025-07-31 10:54:16 | INFO | 💰 Capital Inicial: $7,696.85
2025-07-31 10:54:16 | INFO | 💰 Balance Final: $7,696.85
2025-07-31 10:54:16 | INFO | 📈 Rendimiento Total: 0.00%
2025-07-31 10:54:16 | INFO | 🎯 Total Operaciones: 0
2025-07-31 10:54:16 | INFO | 💵 Beneficio Neto: $0.00
2025-07-31 10:54:16 | INFO | 📉 Capital Mínimo: $7,696.85
2025-07-31 10:54:16 | INFO | 
📊 Estadísticas por Activo (agrupadas por tipo):
2025-07-31 10:54:16 | INFO | 
📅 Rendimiento Mensual:
2025-07-31 10:54:16 | INFO | ============================================================
2025-07-31 10:54:16 | INFO | 👋 Estrategia finalizada
2025-07-31 10:54:16 | INFO | 👋 Programa finalizado
2025-07-31 18:12:20 | INFO | ============================================================
2025-07-31 18:12:20 | INFO |    ESTRATEGIA ALGEBRA MULTI-ACTIVOS PARA OPTION
2025-07-31 18:12:20 | INFO |    ⚡ LÓGICA INVERTIDA ⚡
2025-07-31 18:12:20 | INFO | ============================================================
2025-07-31 18:12:20 | INFO | 📅 Fecha/Hora: 2025-07-31 18:12:20
2025-07-31 18:12:20 | INFO | 📧 Usuario: pab***@gmail.com
2025-07-31 18:12:20 | INFO | ============================================================
2025-07-31 18:12:20 | INFO | ⚠️ IMPORTANTE: Esta estrategia usa lógica INVERTIDA
2025-07-31 18:12:20 | INFO |    - PUT cuando Algebra Inversa ≤ 35 (sobreventa)
2025-07-31 18:12:20 | INFO |    - CALL cuando Algebra Inversa ≥ 65 (sobrecompra)
2025-07-31 18:12:20 | INFO | ============================================================
2025-07-31 18:12:20 | INFO | 🚀 Inicializando estrategia...
2025-07-31 18:12:20 | INFO | 🎯 Pares seleccionados: NVDA/AMD, TESLA/FORD, META/GOOGLE, AMZN/ALIBABA, MSFT/AAPL, AMZN/EBAY, NFLX/AMZN, GOOGLE/MSFT, INTEL/IBM
2025-07-31 18:12:20 | INFO | 💰 Tamaño de posición: 5%
2025-07-31 18:12:20 | INFO | ⚡ Nivel de agresividad: balanceado
2025-07-31 18:12:20 | INFO | 🎯 INICIANDO ESTRATEGIA ALGEBRA MULTI-ACTIVOS (LÓGICA INVERTIDA)
2025-07-31 18:12:20 | INFO | 📊 Configuración: Niveles Algebra Inversa dinámicos por grupo de activos
2025-07-31 18:12:20 | INFO | ⚡ LÓGICA INVERTIDA: PUT en sobreventa, CALL en sobrecompra
2025-07-31 18:12:20 | INFO | 🎯 LÍMITE DE TRADES SIMULTÁNEOS: 1
2025-07-31 18:12:20 | INFO | 🎯 PARES SELECCIONADOS: ['NVDA/AMD', 'TESLA/FORD', 'META/GOOGLE', 'AMZN/ALIBABA', 'MSFT/AAPL', 'AMZN/EBAY', 'NFLX/AMZN', 'GOOGLE/MSFT', 'INTEL/IBM']
2025-07-31 18:12:20 | INFO | ✅ Par habilitado: NVDA/AMD
2025-07-31 18:12:20 | INFO | ✅ Par habilitado: TESLA/FORD
2025-07-31 18:12:20 | INFO | ✅ Par habilitado: META/GOOGLE
2025-07-31 18:12:20 | INFO | ✅ Par habilitado: AMZN/ALIBABA
2025-07-31 18:12:20 | INFO | ✅ Par habilitado: MSFT/AAPL
2025-07-31 18:12:20 | INFO | ✅ Par habilitado: AMZN/EBAY
2025-07-31 18:12:20 | INFO | ✅ Par habilitado: NFLX/AMZN
2025-07-31 18:12:20 | INFO | ✅ Par habilitado: GOOGLE/MSFT
2025-07-31 18:12:20 | INFO | ✅ Par habilitado: INTEL/IBM
2025-07-31 18:12:20 | INFO | 🎯 Operando con 9 pares seleccionados
2025-07-31 18:12:20 | INFO | 💰 Tamaño de posición personalizado: 5%
2025-07-31 18:12:20 | INFO | ⚡ Agresividad personalizada: balanceado → BALANCED
2025-07-31 18:12:20 | INFO | ⚙️ Modo de agresividad: BALANCED (personalizado)
2025-07-31 18:12:20 | INFO | 📊 Timeframe: 5 min | Expiración: 1 min | Fuerza mínima: 60%
2025-07-31 18:12:20 | INFO | 🔗 Conectando a IQ Option...
2025-07-31 18:12:22 | INFO | ✅ Conexión exitosa
2025-07-31 18:12:22 | INFO | 💰 Balance actual: $10,000.00
2025-07-31 18:12:22 | INFO | 💰 Capital inicial: $10,000.00
2025-07-31 18:12:22 | INFO | ✅ Estado cargado desde 2025-07-31T10:54:16.287819
2025-07-31 18:12:22 | INFO | 🔍 Verificando activos disponibles...
2025-07-31 18:12:28 | INFO | ✅ NVDA/AMD: Encontrado como NVDA/AMD-OTC (turbo) - Grupo: PAIR
2025-07-31 18:12:28 | INFO | ✅ NVDA/AMD: Encontrado como NVDA/AMD-OTC (binary) - Grupo: PAIR
2025-07-31 18:12:28 | INFO | ✅ TESLA/FORD: Encontrado como TESLA/FORD-OTC (turbo) - Grupo: PAIR
2025-07-31 18:12:28 | INFO | ✅ TESLA/FORD: Encontrado como TESLA/FORD-OTC (binary) - Grupo: PAIR
2025-07-31 18:12:28 | INFO | ✅ META/GOOGLE: Encontrado como META/GOOGLE-OTC (turbo) - Grupo: PAIR
2025-07-31 18:12:28 | INFO | ✅ META/GOOGLE: Encontrado como META/GOOGLE-OTC (binary) - Grupo: PAIR
2025-07-31 18:12:28 | INFO | ✅ AMZN/ALIBABA: Encontrado como AMZN/ALIBABA-OTC (turbo) - Grupo: PAIR
2025-07-31 18:12:28 | INFO | ✅ AMZN/ALIBABA: Encontrado como AMZN/ALIBABA-OTC (binary) - Grupo: PAIR
2025-07-31 18:12:28 | INFO | ✅ MSFT/AAPL: Encontrado como MSFT/AAPL-OTC (turbo) - Grupo: PAIR
2025-07-31 18:12:28 | INFO | ✅ MSFT/AAPL: Encontrado como MSFT/AAPL-OTC (binary) - Grupo: PAIR
2025-07-31 18:12:28 | INFO | ✅ AMZN/EBAY: Encontrado como AMZN/EBAY-OTC (turbo) - Grupo: PAIR
2025-07-31 18:12:28 | INFO | ✅ AMZN/EBAY: Encontrado como AMZN/EBAY-OTC (binary) - Grupo: PAIR
2025-07-31 18:12:28 | INFO | ✅ NFLX/AMZN: Encontrado como NFLX/AMZN-OTC (turbo) - Grupo: PAIR
2025-07-31 18:12:28 | INFO | ✅ NFLX/AMZN: Encontrado como NFLX/AMZN-OTC (binary) - Grupo: PAIR
2025-07-31 18:12:28 | INFO | ✅ GOOGLE/MSFT: Encontrado como GOOGLE/MSFT-OTC (turbo) - Grupo: PAIR
2025-07-31 18:12:28 | INFO | ✅ GOOGLE/MSFT: Encontrado como GOOGLE/MSFT-OTC (binary) - Grupo: PAIR
2025-07-31 18:12:28 | INFO | ✅ INTEL/IBM: Encontrado como INTEL/IBM-OTC (turbo) - Grupo: PAIR
2025-07-31 18:12:28 | INFO | ✅ INTEL/IBM: Encontrado como INTEL/IBM-OTC (binary) - Grupo: PAIR
2025-07-31 18:12:28 | INFO | 📊 Total activos disponibles: 9
2025-07-31 18:12:28 | INFO | 
📊 CONFIGURACIÓN DE NIVELES ALGEBRA INVERSA POR GRUPO:
2025-07-31 18:12:28 | INFO | ============================================================
2025-07-31 18:12:28 | INFO | 
PAIR:
2025-07-31 18:12:28 | INFO |   Activos: NVDA/AMD, TESLA/FORD, META/GOOGLE, AMZN/ALIBABA, MSFT/AAPL, AMZN/EBAY, NFLX/AMZN, GOOGLE/MSFT, INTEL/IBM
2025-07-31 18:12:28 | INFO |   Algebra Inversa Sobreventa/Sobrecompra: 32/68
2025-07-31 18:12:28 | INFO |   Momentum mínimo: 4 puntos
2025-07-31 18:12:28 | INFO |   Tamaño posición: 5% (personalizado)
2025-07-31 18:12:28 | INFO | ============================================================
2025-07-31 18:12:28 | INFO | 
⚡ CONFIGURACIÓN DE SEÑALES:
2025-07-31 18:12:28 | INFO |   Modo: BALANCED (personalizado)
2025-07-31 18:12:28 | INFO |   Fuerza mínima: 60%
2025-07-31 18:12:28 | INFO |   Cruces válidos: últimas 2 niveles dinámicos
2025-07-31 18:12:28 | INFO |   Permitir rebotes: Sí
2025-07-31 18:12:28 | INFO |   Máx rebotes: 1 de hasta 2 puntos
2025-07-31 18:12:28 | INFO |   🎯 Máximo trades simultáneos: 1
2025-07-31 18:12:28 | INFO | ============================================================
2025-07-31 18:12:28 | INFO | ✅ Sistema iniciado - Detectando momentum real con validación dinámica
2025-07-31 18:12:28 | INFO | 🎯 Iniciando operaciones...
2025-07-31 18:12:28 | INFO | ℹ️ Para detener la estrategia, desactiva el switch en el dashboard
2025-07-31 18:12:28 | INFO | 🚀 Iniciando estrategia ALGEBRA Multi-Activos (LÓGICA INVERTIDA)
2025-07-31 18:12:28 | INFO | 📊 Configuración: 9 activos disponibles
2025-07-31 18:12:28 | INFO | ⚙️ Modo: BALANCED (personalizado) - Balance entre cantidad y calidad
2025-07-31 18:12:28 | INFO | 📊 Algebra Inversa en timeframe de 5 minutos
2025-07-31 18:12:28 | INFO | ⏱️ Expiración de opciones: 1 minutos
2025-07-31 18:12:28 | INFO | ⏰ Tiempo entre señales: 60 minutos
2025-07-31 18:12:28 | INFO | 🔄 Bloqueo diario después de 2 operaciones consecutivas (wins o losses)
2025-07-31 18:12:28 | INFO | 🎯 Máximo 1 trade(s) simultáneo(s)
2025-07-31 18:12:28 | INFO | 💪 Fuerza mínima de señal: 60%
2025-07-31 18:12:28 | INFO | 🆕 Solo cruces frescos en últimas 2 niveles dinámicos
2025-07-31 18:12:46 | INFO | ✅ INTEL/IBM - Momentum CALL confirmado: 62.8 → 71.3
2025-07-31 18:12:46 | INFO |    Subida: 8.5 puntos | Fuerza: 61% | Cruce FRESCO ✓
2025-07-31 18:12:46 | INFO | 🟢 INTEL/IBM (PAIR) - Señal CALL con momentum válido (Algebra Inversa: 71.30 ≥ 68)
2025-07-31 18:12:46 | INFO | 📊 Trades activos antes de abrir: 0/1
2025-07-31 18:12:46 | INFO | 📈 Colocando CALL en INTEL/IBM (INTEL/IBM-OTC), cantidad: $500.00
2025-07-31 18:12:47 | INFO | ✅ Orden colocada exitosamente. ID: 12911383334
2025-07-31 18:12:47 | INFO | 📝 Orden registrada para INTEL/IBM - Total trades activos: 1/1
2025-07-31 18:14:43 | INFO | 🔄 Ciclo #10 - 2025-07-31 18:14:43 - Trades activos: 1/1
2025-07-31 18:14:44 | INFO | 🔄 Verificando orden 12911383334...
2025-07-31 18:14:44 | INFO | 📋 Orden encontrada en order_binary
2025-07-31 18:14:44 | INFO |    Result: WIN (profit: 185%)
2025-07-31 18:14:44 | INFO | ✅ Victoria detectada
2025-07-31 18:14:44 | INFO | ✅ INTEL/IBM (PAIR) - CALL GANADA! Beneficio: $925.00
2025-07-31 18:14:44 | INFO | 📊 Trades activos restantes: 0/1
2025-07-31 18:14:44 | INFO | 📊 Victorias consecutivas del día: 1/2
2025-07-31 18:14:44 | WARNING | ⚠️ Discrepancia detectada en profit diario
2025-07-31 18:14:44 | WARNING |    Calculado: $925.00
2025-07-31 18:14:44 | WARNING |    Real: $2,728.15
2025-07-31 18:14:44 | WARNING |    Ajustando al valor real...
2025-07-31 18:17:13 | INFO | 🔄 Ciclo #20 - 2025-07-31 18:17:13 - Trades activos: 0/1
2025-07-31 18:19:44 | INFO | 🔄 Ciclo #30 - 2025-07-31 18:19:44 - Trades activos: 0/1
2025-07-31 18:22:14 | INFO | 🔄 Ciclo #40 - 2025-07-31 18:22:14 - Trades activos: 0/1
2025-07-31 18:24:44 | INFO | 🔄 Ciclo #50 - 2025-07-31 18:24:44 - Trades activos: 0/1
2025-07-31 18:27:14 | INFO | 🔄 Ciclo #60 - 2025-07-31 18:27:14 - Trades activos: 0/1
2025-07-31 18:29:44 | INFO | 🔄 Ciclo #70 - 2025-07-31 18:29:44 - Trades activos: 0/1
2025-07-31 18:32:14 | INFO | 🔄 Ciclo #80 - 2025-07-31 18:32:14 - Trades activos: 0/1
2025-07-31 18:34:44 | INFO | 🔄 Ciclo #90 - 2025-07-31 18:34:44 - Trades activos: 0/1
2025-07-31 18:37:14 | INFO | 🔄 Ciclo #100 - 2025-07-31 18:37:14 - Trades activos: 0/1
2025-07-31 18:37:15 | INFO | 🔄 Re-verificando activos disponibles...
2025-07-31 18:37:15 | INFO | 🔍 Verificando activos disponibles...
2025-07-31 18:37:21 | INFO | ✅ NVDA/AMD: Encontrado como NVDA/AMD-OTC (turbo) - Grupo: PAIR
2025-07-31 18:37:21 | INFO | ✅ NVDA/AMD: Encontrado como NVDA/AMD-OTC (binary) - Grupo: PAIR
2025-07-31 18:37:21 | INFO | ✅ TESLA/FORD: Encontrado como TESLA/FORD-OTC (turbo) - Grupo: PAIR
2025-07-31 18:37:21 | INFO | ✅ TESLA/FORD: Encontrado como TESLA/FORD-OTC (binary) - Grupo: PAIR
2025-07-31 18:37:21 | INFO | ✅ META/GOOGLE: Encontrado como META/GOOGLE-OTC (turbo) - Grupo: PAIR
2025-07-31 18:37:21 | INFO | ✅ META/GOOGLE: Encontrado como META/GOOGLE-OTC (binary) - Grupo: PAIR
2025-07-31 18:37:21 | INFO | ✅ AMZN/ALIBABA: Encontrado como AMZN/ALIBABA-OTC (turbo) - Grupo: PAIR
2025-07-31 18:37:21 | INFO | ✅ AMZN/ALIBABA: Encontrado como AMZN/ALIBABA-OTC (binary) - Grupo: PAIR
2025-07-31 18:37:21 | INFO | ✅ MSFT/AAPL: Encontrado como MSFT/AAPL-OTC (turbo) - Grupo: PAIR
2025-07-31 18:37:21 | INFO | ✅ MSFT/AAPL: Encontrado como MSFT/AAPL-OTC (binary) - Grupo: PAIR
2025-07-31 18:37:21 | INFO | ✅ AMZN/EBAY: Encontrado como AMZN/EBAY-OTC (turbo) - Grupo: PAIR
2025-07-31 18:37:21 | INFO | ✅ AMZN/EBAY: Encontrado como AMZN/EBAY-OTC (binary) - Grupo: PAIR
2025-07-31 18:37:21 | INFO | ✅ NFLX/AMZN: Encontrado como NFLX/AMZN-OTC (turbo) - Grupo: PAIR
2025-07-31 18:37:21 | INFO | ✅ NFLX/AMZN: Encontrado como NFLX/AMZN-OTC (binary) - Grupo: PAIR
2025-07-31 18:37:21 | INFO | ✅ GOOGLE/MSFT: Encontrado como GOOGLE/MSFT-OTC (turbo) - Grupo: PAIR
2025-07-31 18:37:21 | INFO | ✅ GOOGLE/MSFT: Encontrado como GOOGLE/MSFT-OTC (binary) - Grupo: PAIR
2025-07-31 18:37:21 | INFO | ✅ INTEL/IBM: Encontrado como INTEL/IBM-OTC (turbo) - Grupo: PAIR
2025-07-31 18:37:21 | INFO | ✅ INTEL/IBM: Encontrado como INTEL/IBM-OTC (binary) - Grupo: PAIR
2025-07-31 18:37:21 | INFO | 📊 Total activos disponibles: 9
2025-07-31 18:39:44 | INFO | 🔄 Ciclo #110 - 2025-07-31 18:39:44 - Trades activos: 0/1
2025-07-31 18:42:14 | INFO | 🔄 Ciclo #120 - 2025-07-31 18:42:14 - Trades activos: 0/1
2025-07-31 18:44:44 | INFO | 🔄 Ciclo #130 - 2025-07-31 18:44:44 - Trades activos: 0/1
2025-07-31 18:44:52 | INFO | ⏹️ Estrategia detenida por el usuario
2025-07-31 18:44:52 | INFO | 🏁 Finalizando estrategia...
2025-07-31 18:44:52 | INFO | ============================================================
2025-07-31 18:44:52 | INFO | 📊 RESUMEN DE LA ESTRATEGIA ALGEBRA MULTI-ACTIVOS (LÓGICA INVERTIDA)
2025-07-31 18:44:52 | INFO | ============================================================
2025-07-31 18:44:52 | INFO | ⚡ Estrategia: PUT en sobreventa (Algebra Inversa dinámico), CALL en sobrecompra (Algebra Inversa dinámico)
2025-07-31 18:44:52 | INFO | ⚙️ Modo: BALANCED - Balance entre cantidad y calidad
2025-07-31 18:44:52 | INFO | 🎯 Límite de trades simultáneos: 1
2025-07-31 18:44:52 | INFO | 💰 Capital Inicial: $10,000.00
2025-07-31 18:44:52 | INFO | 💰 Balance Final: $10,425.00
2025-07-31 18:44:52 | INFO | 📈 Rendimiento Total: 4.25%
2025-07-31 18:44:52 | INFO | 🎯 Total Operaciones: 1
2025-07-31 18:44:52 | INFO | ✅ Victorias: 1 (100.0%)
2025-07-31 18:44:52 | INFO | ❌ Derrotas: 0 (0.0%)
2025-07-31 18:44:52 | INFO | 🟡 Empates: 0 (0.0%)
2025-07-31 18:44:52 | INFO | 📊 Tasa de Éxito (sin empates): 100.00%
2025-07-31 18:44:52 | INFO | 💵 Beneficio Neto: $925.00
2025-07-31 18:44:52 | INFO | 📉 Capital Mínimo: $7,696.85
2025-07-31 18:44:52 | INFO | 
📊 Estadísticas por Activo (agrupadas por tipo):
2025-07-31 18:44:52 | INFO | 
PAIR:
2025-07-31 18:44:52 | INFO |   INTEL/IBM: 1 trades | 1W/0L/0T | 100.0% éxito | Pérdidas consec: 0
2025-07-31 18:44:52 | INFO | 
📅 Rendimiento Mensual:
2025-07-31 18:44:52 | INFO | ============================================================
2025-07-31 18:44:52 | INFO | 👋 Estrategia finalizada
2025-07-31 18:44:52 | INFO | 👋 Programa finalizado
