2025-07-31 09:38:41 | INFO | ============================================================
2025-07-31 09:38:41 | INFO |    ESTRATEGIA ALGEBRA MULTI-ACTIVOS PARA OPTION
2025-07-31 09:38:41 | INFO |    ⚡ LÓGICA INVERTIDA ⚡
2025-07-31 09:38:41 | INFO | ============================================================
2025-07-31 09:38:41 | INFO | 📅 Fecha/Hora: 2025-07-31 09:38:41
2025-07-31 09:38:41 | INFO | 📧 Usuario: syl***@gmail.com
2025-07-31 09:38:41 | INFO | ============================================================
2025-07-31 09:38:41 | INFO | ⚠️ IMPORTANTE: Esta estrategia usa lógica INVERTIDA
2025-07-31 09:38:41 | INFO |    - PUT cuando Algebra Inversa ≤ 35 (sobreventa)
2025-07-31 09:38:41 | INFO |    - CALL cuando Algebra Inversa ≥ 65 (sobrecompra)
2025-07-31 09:38:41 | INFO | ============================================================
2025-07-31 09:38:41 | INFO | 🚀 Inicializando estrategia...
2025-07-31 09:38:41 | INFO | 🎯 Pares seleccionados: NVDA/AMD, TESLA/FORD, META/GOOGLE, AMZN/ALIBABA, MSFT/AAPL, AMZN/EBAY, NFLX/AMZN, GOOGLE/MSFT, INTEL/IBM
2025-07-31 09:38:41 | INFO | 💰 Tamaño de posición: 7%
2025-07-31 09:38:41 | INFO | ⚡ Nivel de agresividad: agresivo
2025-07-31 09:38:41 | INFO | 🎯 INICIANDO ESTRATEGIA ALGEBRA MULTI-ACTIVOS (LÓGICA INVERTIDA)
2025-07-31 09:38:41 | INFO | 📊 Configuración: Niveles Algebra Inversa dinámicos por grupo de activos
2025-07-31 09:38:41 | INFO | ⚡ LÓGICA INVERTIDA: PUT en sobreventa, CALL en sobrecompra
2025-07-31 09:38:41 | INFO | 🎯 LÍMITE DE TRADES SIMULTÁNEOS: 1
2025-07-31 09:38:41 | INFO | 🎯 PARES SELECCIONADOS: ['NVDA/AMD', 'TESLA/FORD', 'META/GOOGLE', 'AMZN/ALIBABA', 'MSFT/AAPL', 'AMZN/EBAY', 'NFLX/AMZN', 'GOOGLE/MSFT', 'INTEL/IBM']
2025-07-31 09:38:41 | INFO | ✅ Par habilitado: NVDA/AMD
2025-07-31 09:38:41 | INFO | ✅ Par habilitado: TESLA/FORD
2025-07-31 09:38:41 | INFO | ✅ Par habilitado: META/GOOGLE
2025-07-31 09:38:41 | INFO | ✅ Par habilitado: AMZN/ALIBABA
2025-07-31 09:38:41 | INFO | ✅ Par habilitado: MSFT/AAPL
2025-07-31 09:38:41 | INFO | ✅ Par habilitado: AMZN/EBAY
2025-07-31 09:38:41 | INFO | ✅ Par habilitado: NFLX/AMZN
2025-07-31 09:38:41 | INFO | ✅ Par habilitado: GOOGLE/MSFT
2025-07-31 09:38:41 | INFO | ✅ Par habilitado: INTEL/IBM
2025-07-31 09:38:41 | INFO | 🎯 Operando con 9 pares seleccionados
2025-07-31 09:38:41 | INFO | 💰 Tamaño de posición personalizado: 7%
2025-07-31 09:38:41 | INFO | ⚡ Agresividad personalizada: agresivo → AGGRESSIVE
2025-07-31 09:38:41 | INFO | ⚙️ Modo de agresividad: AGGRESSIVE (personalizado)
2025-07-31 09:38:41 | INFO | 📊 Timeframe: 5 min | Expiración: 5 min | Fuerza mínima: 50%
2025-07-31 09:38:41 | INFO | 🔗 Conectando a IQ Option...
2025-07-31 09:38:43 | INFO | ✅ Conexión exitosa
2025-07-31 09:38:44 | INFO | 💰 Balance actual: $7,696.85
2025-07-31 09:38:44 | INFO | 💰 Capital inicial: $7,696.85
2025-07-31 09:38:44 | INFO | 📂 No hay archivo de estado previo
2025-07-31 09:38:44 | INFO | 🔍 Verificando activos disponibles...
2025-07-31 09:38:51 | INFO | ✅ NVDA/AMD: Encontrado como NVDA/AMD-OTC (turbo) - Grupo: PAIR
2025-07-31 09:38:51 | INFO | ✅ NVDA/AMD: Encontrado como NVDA/AMD-OTC (binary) - Grupo: PAIR
2025-07-31 09:38:51 | INFO | ✅ TESLA/FORD: Encontrado como TESLA/FORD-OTC (turbo) - Grupo: PAIR
2025-07-31 09:38:51 | INFO | ✅ TESLA/FORD: Encontrado como TESLA/FORD-OTC (binary) - Grupo: PAIR
2025-07-31 09:38:51 | INFO | ✅ META/GOOGLE: Encontrado como META/GOOGLE-OTC (turbo) - Grupo: PAIR
2025-07-31 09:38:51 | INFO | ✅ META/GOOGLE: Encontrado como META/GOOGLE-OTC (binary) - Grupo: PAIR
2025-07-31 09:38:51 | INFO | ✅ AMZN/ALIBABA: Encontrado como AMZN/ALIBABA-OTC (turbo) - Grupo: PAIR
2025-07-31 09:38:51 | INFO | ✅ AMZN/ALIBABA: Encontrado como AMZN/ALIBABA-OTC (binary) - Grupo: PAIR
2025-07-31 09:38:51 | INFO | ✅ MSFT/AAPL: Encontrado como MSFT/AAPL-OTC (turbo) - Grupo: PAIR
2025-07-31 09:38:51 | INFO | ✅ MSFT/AAPL: Encontrado como MSFT/AAPL-OTC (binary) - Grupo: PAIR
2025-07-31 09:38:51 | INFO | ✅ AMZN/EBAY: Encontrado como AMZN/EBAY-OTC (turbo) - Grupo: PAIR
2025-07-31 09:38:51 | INFO | ✅ AMZN/EBAY: Encontrado como AMZN/EBAY-OTC (binary) - Grupo: PAIR
2025-07-31 09:38:51 | INFO | ✅ NFLX/AMZN: Encontrado como NFLX/AMZN-OTC (turbo) - Grupo: PAIR
2025-07-31 09:38:51 | INFO | ✅ NFLX/AMZN: Encontrado como NFLX/AMZN-OTC (binary) - Grupo: PAIR
2025-07-31 09:38:51 | INFO | ✅ GOOGLE/MSFT: Encontrado como GOOGLE/MSFT-OTC (turbo) - Grupo: PAIR
2025-07-31 09:38:51 | INFO | ✅ GOOGLE/MSFT: Encontrado como GOOGLE/MSFT-OTC (binary) - Grupo: PAIR
2025-07-31 09:38:51 | INFO | ✅ INTEL/IBM: Encontrado como INTEL/IBM-OTC (turbo) - Grupo: PAIR
2025-07-31 09:38:51 | INFO | ✅ INTEL/IBM: Encontrado como INTEL/IBM-OTC (binary) - Grupo: PAIR
2025-07-31 09:38:51 | INFO | 📊 Total activos disponibles: 9
2025-07-31 09:38:51 | INFO | 
📊 CONFIGURACIÓN DE NIVELES ALGEBRA INVERSA POR GRUPO:
2025-07-31 09:38:51 | INFO | ============================================================
2025-07-31 09:38:51 | INFO | 
PAIR:
2025-07-31 09:38:51 | INFO |   Activos: NVDA/AMD, TESLA/FORD, META/GOOGLE, AMZN/ALIBABA, MSFT/AAPL, AMZN/EBAY, NFLX/AMZN, GOOGLE/MSFT, INTEL/IBM
2025-07-31 09:38:51 | INFO |   Algebra Inversa Sobreventa/Sobrecompra: 32/68
2025-07-31 09:38:51 | INFO |   Momentum mínimo: 4 puntos
2025-07-31 09:38:51 | INFO |   Tamaño posición: 7% (personalizado)
2025-07-31 09:38:51 | INFO | ============================================================
2025-07-31 09:38:51 | INFO | 
⚡ CONFIGURACIÓN DE SEÑALES:
2025-07-31 09:38:51 | INFO |   Modo: AGGRESSIVE (personalizado)
2025-07-31 09:38:51 | INFO |   Fuerza mínima: 50%
2025-07-31 09:38:51 | INFO |   Cruces válidos: últimas 3 niveles dinámicos
2025-07-31 09:38:51 | INFO |   Permitir rebotes: Sí
2025-07-31 09:38:51 | INFO |   Máx rebotes: 2 de hasta 3 puntos
2025-07-31 09:38:51 | INFO |   🎯 Máximo trades simultáneos: 1
2025-07-31 09:38:51 | INFO | ============================================================
2025-07-31 09:38:51 | INFO | ✅ Sistema iniciado - Detectando momentum real con validación dinámica
2025-07-31 09:38:51 | INFO | 🎯 Iniciando operaciones...
2025-07-31 09:38:51 | INFO | ℹ️ Para detener la estrategia, desactiva el switch en el dashboard
2025-07-31 09:38:51 | INFO | 🚀 Iniciando estrategia ALGEBRA Multi-Activos (LÓGICA INVERTIDA)
2025-07-31 09:38:51 | INFO | 📊 Configuración: 9 activos disponibles
2025-07-31 09:38:51 | INFO | ⚙️ Modo: AGGRESSIVE (personalizado) - Más señales, menor filtro
2025-07-31 09:38:51 | INFO | 📊 Algebra Inversa en timeframe de 5 minutos
2025-07-31 09:38:51 | INFO | ⏱️ Expiración de opciones: 5 minutos
2025-07-31 09:38:51 | INFO | ⏰ Tiempo entre señales: 60 minutos
2025-07-31 09:38:51 | INFO | 🔄 Bloqueo diario después de 2 operaciones consecutivas (wins o losses)
2025-07-31 09:38:51 | INFO | 🎯 Máximo 1 trade(s) simultáneo(s)
2025-07-31 09:38:51 | INFO | 💪 Fuerza mínima de señal: 50%
2025-07-31 09:38:51 | INFO | 🆕 Solo cruces frescos en últimas 3 niveles dinámicos
2025-07-31 09:41:06 | INFO | 🔄 Ciclo #10 - 2025-07-31 09:41:06 - Trades activos: 0/1
2025-07-31 09:43:36 | INFO | 🔄 Ciclo #20 - 2025-07-31 09:43:36 - Trades activos: 0/1
2025-07-31 09:46:06 | INFO | 🔄 Ciclo #30 - 2025-07-31 09:46:06 - Trades activos: 0/1
2025-07-31 09:48:36 | INFO | 🔄 Ciclo #40 - 2025-07-31 09:48:36 - Trades activos: 0/1
2025-07-31 09:51:06 | INFO | 🔄 Ciclo #50 - 2025-07-31 09:51:06 - Trades activos: 0/1
2025-07-31 09:53:36 | INFO | 🔄 Ciclo #60 - 2025-07-31 09:53:36 - Trades activos: 0/1
2025-07-31 09:56:07 | INFO | 🔄 Ciclo #70 - 2025-07-31 09:56:07 - Trades activos: 0/1
2025-07-31 09:57:44 | INFO | ⏹️ Estrategia detenida por el usuario
2025-07-31 09:57:44 | INFO | 🏁 Finalizando estrategia...
2025-07-31 09:57:45 | INFO | ============================================================
2025-07-31 09:57:45 | INFO | 📊 RESUMEN DE LA ESTRATEGIA ALGEBRA MULTI-ACTIVOS (LÓGICA INVERTIDA)
2025-07-31 09:57:45 | INFO | ============================================================
2025-07-31 09:57:45 | INFO | ⚡ Estrategia: PUT en sobreventa (Algebra Inversa dinámico), CALL en sobrecompra (Algebra Inversa dinámico)
2025-07-31 09:57:45 | INFO | ⚙️ Modo: BALANCED - Balance entre cantidad y calidad
2025-07-31 09:57:45 | INFO | 🎯 Límite de trades simultáneos: 1
2025-07-31 09:57:45 | INFO | 💰 Capital Inicial: $7,696.85
2025-07-31 09:57:45 | INFO | 💰 Balance Final: $7,696.85
2025-07-31 09:57:45 | INFO | 📈 Rendimiento Total: 0.00%
2025-07-31 09:57:45 | INFO | 🎯 Total Operaciones: 0
2025-07-31 09:57:45 | INFO | 💵 Beneficio Neto: $0.00
2025-07-31 09:57:45 | INFO | 📉 Capital Mínimo: $7,696.85
2025-07-31 09:57:45 | INFO | 
📊 Estadísticas por Activo (agrupadas por tipo):
2025-07-31 09:57:45 | INFO | 
📅 Rendimiento Mensual:
2025-07-31 09:57:45 | INFO | ============================================================
2025-07-31 09:57:45 | INFO | 👋 Estrategia finalizada
2025-07-31 09:57:45 | INFO | 👋 Programa finalizado
2025-07-31 09:57:55 | INFO | ============================================================
2025-07-31 09:57:55 | INFO |    ESTRATEGIA ALGEBRA MULTI-ACTIVOS PARA OPTION
2025-07-31 09:57:55 | INFO |    ⚡ LÓGICA INVERTIDA ⚡
2025-07-31 09:57:55 | INFO | ============================================================
2025-07-31 09:57:55 | INFO | 📅 Fecha/Hora: 2025-07-31 09:57:55
2025-07-31 09:57:55 | INFO | 📧 Usuario: syl***@gmail.com
2025-07-31 09:57:55 | INFO | ============================================================
2025-07-31 09:57:55 | INFO | ⚠️ IMPORTANTE: Esta estrategia usa lógica INVERTIDA
2025-07-31 09:57:55 | INFO |    - PUT cuando Algebra Inversa ≤ 35 (sobreventa)
2025-07-31 09:57:55 | INFO |    - CALL cuando Algebra Inversa ≥ 65 (sobrecompra)
2025-07-31 09:57:55 | INFO | ============================================================
2025-07-31 09:57:55 | INFO | 🚀 Inicializando estrategia...
2025-07-31 09:57:55 | INFO | 🎯 Pares seleccionados: NVDA/AMD, TESLA/FORD, AMZN/ALIBABA, MSFT/AAPL, NFLX/AMZN
2025-07-31 09:57:55 | INFO | 💰 Tamaño de posición: 7%
2025-07-31 09:57:55 | INFO | ⚡ Nivel de agresividad: agresivo
2025-07-31 09:57:55 | INFO | 🎯 INICIANDO ESTRATEGIA ALGEBRA MULTI-ACTIVOS (LÓGICA INVERTIDA)
2025-07-31 09:57:55 | INFO | 📊 Configuración: Niveles Algebra Inversa dinámicos por grupo de activos
2025-07-31 09:57:55 | INFO | ⚡ LÓGICA INVERTIDA: PUT en sobreventa, CALL en sobrecompra
2025-07-31 09:57:55 | INFO | 🎯 LÍMITE DE TRADES SIMULTÁNEOS: 1
2025-07-31 09:57:55 | INFO | 🎯 PARES SELECCIONADOS: ['NVDA/AMD', 'TESLA/FORD', 'AMZN/ALIBABA', 'MSFT/AAPL', 'NFLX/AMZN']
2025-07-31 09:57:55 | INFO | ✅ Par habilitado: NVDA/AMD
2025-07-31 09:57:55 | INFO | ✅ Par habilitado: TESLA/FORD
2025-07-31 09:57:55 | INFO | ✅ Par habilitado: AMZN/ALIBABA
2025-07-31 09:57:55 | INFO | ✅ Par habilitado: MSFT/AAPL
2025-07-31 09:57:55 | INFO | ✅ Par habilitado: NFLX/AMZN
2025-07-31 09:57:55 | INFO | 🎯 Operando con 5 pares seleccionados
2025-07-31 09:57:55 | INFO | 💰 Tamaño de posición personalizado: 7%
2025-07-31 09:57:55 | INFO | ⚡ Agresividad personalizada: agresivo → AGGRESSIVE
2025-07-31 09:57:55 | INFO | ⚙️ Modo de agresividad: AGGRESSIVE (personalizado)
2025-07-31 09:57:55 | INFO | 📊 Timeframe: 5 min | Expiración: 5 min | Fuerza mínima: 50%
2025-07-31 09:57:55 | INFO | 🔗 Conectando a IQ Option...
2025-07-31 09:57:57 | INFO | ✅ Conexión exitosa
2025-07-31 09:57:58 | INFO | 💰 Balance actual: $7,696.85
2025-07-31 09:57:58 | INFO | 💰 Capital inicial: $7,696.85
2025-07-31 09:57:58 | INFO | ✅ Estado cargado desde 2025-07-31T09:57:44.733403
2025-07-31 09:57:58 | INFO | 🔍 Verificando activos disponibles...
2025-07-31 09:58:06 | INFO | ✅ NVDA/AMD: Encontrado como NVDA/AMD-OTC (turbo) - Grupo: PAIR
2025-07-31 09:58:06 | INFO | ✅ NVDA/AMD: Encontrado como NVDA/AMD-OTC (binary) - Grupo: PAIR
2025-07-31 09:58:06 | INFO | ✅ TESLA/FORD: Encontrado como TESLA/FORD-OTC (turbo) - Grupo: PAIR
2025-07-31 09:58:06 | INFO | ✅ TESLA/FORD: Encontrado como TESLA/FORD-OTC (binary) - Grupo: PAIR
2025-07-31 09:58:06 | INFO | ✅ AMZN/ALIBABA: Encontrado como AMZN/ALIBABA-OTC (turbo) - Grupo: PAIR
2025-07-31 09:58:06 | INFO | ✅ AMZN/ALIBABA: Encontrado como AMZN/ALIBABA-OTC (binary) - Grupo: PAIR
2025-07-31 09:58:06 | INFO | ✅ MSFT/AAPL: Encontrado como MSFT/AAPL-OTC (turbo) - Grupo: PAIR
2025-07-31 09:58:06 | INFO | ✅ MSFT/AAPL: Encontrado como MSFT/AAPL-OTC (binary) - Grupo: PAIR
2025-07-31 09:58:06 | INFO | ✅ NFLX/AMZN: Encontrado como NFLX/AMZN-OTC (turbo) - Grupo: PAIR
2025-07-31 09:58:06 | INFO | ✅ NFLX/AMZN: Encontrado como NFLX/AMZN-OTC (binary) - Grupo: PAIR
2025-07-31 09:58:06 | INFO | 📊 Total activos disponibles: 5
2025-07-31 09:58:06 | INFO | 
📊 CONFIGURACIÓN DE NIVELES ALGEBRA INVERSA POR GRUPO:
2025-07-31 09:58:06 | INFO | ============================================================
2025-07-31 09:58:06 | INFO | 
PAIR:
2025-07-31 09:58:06 | INFO |   Activos: NVDA/AMD, TESLA/FORD, AMZN/ALIBABA, MSFT/AAPL, NFLX/AMZN
2025-07-31 09:58:06 | INFO |   Algebra Inversa Sobreventa/Sobrecompra: 32/68
2025-07-31 09:58:06 | INFO |   Momentum mínimo: 4 puntos
2025-07-31 09:58:06 | INFO |   Tamaño posición: 7% (personalizado)
2025-07-31 09:58:06 | INFO | ============================================================
2025-07-31 09:58:06 | INFO | 
⚡ CONFIGURACIÓN DE SEÑALES:
2025-07-31 09:58:06 | INFO |   Modo: AGGRESSIVE (personalizado)
2025-07-31 09:58:06 | INFO |   Fuerza mínima: 50%
2025-07-31 09:58:06 | INFO |   Cruces válidos: últimas 3 niveles dinámicos
2025-07-31 09:58:06 | INFO |   Permitir rebotes: Sí
2025-07-31 09:58:06 | INFO |   Máx rebotes: 2 de hasta 3 puntos
2025-07-31 09:58:06 | INFO |   🎯 Máximo trades simultáneos: 1
2025-07-31 09:58:06 | INFO | ============================================================
2025-07-31 09:58:06 | INFO | ✅ Sistema iniciado - Detectando momentum real con validación dinámica
2025-07-31 09:58:06 | INFO | 🎯 Iniciando operaciones...
2025-07-31 09:58:06 | INFO | ℹ️ Para detener la estrategia, desactiva el switch en el dashboard
2025-07-31 09:58:06 | INFO | 🚀 Iniciando estrategia ALGEBRA Multi-Activos (LÓGICA INVERTIDA)
2025-07-31 09:58:06 | INFO | 📊 Configuración: 5 activos disponibles
2025-07-31 09:58:06 | INFO | ⚙️ Modo: AGGRESSIVE (personalizado) - Más señales, menor filtro
2025-07-31 09:58:06 | INFO | 📊 Algebra Inversa en timeframe de 5 minutos
2025-07-31 09:58:06 | INFO | ⏱️ Expiración de opciones: 5 minutos
2025-07-31 09:58:06 | INFO | ⏰ Tiempo entre señales: 60 minutos
2025-07-31 09:58:06 | INFO | 🔄 Bloqueo diario después de 2 operaciones consecutivas (wins o losses)
2025-07-31 09:58:06 | INFO | 🎯 Máximo 1 trade(s) simultáneo(s)
2025-07-31 09:58:06 | INFO | 💪 Fuerza mínima de señal: 50%
2025-07-31 09:58:06 | INFO | 🆕 Solo cruces frescos en últimas 3 niveles dinámicos
2025-07-31 10:00:21 | INFO | 🔄 Ciclo #10 - 2025-07-31 10:00:21 - Trades activos: 0/1
2025-07-31 10:02:51 | INFO | 🔄 Ciclo #20 - 2025-07-31 10:02:51 - Trades activos: 0/1
2025-07-31 10:05:21 | INFO | 🔄 Ciclo #30 - 2025-07-31 10:05:21 - Trades activos: 0/1
2025-07-31 10:07:51 | INFO | 🔄 Ciclo #40 - 2025-07-31 10:07:51 - Trades activos: 0/1
2025-07-31 10:10:21 | INFO | 🔄 Ciclo #50 - 2025-07-31 10:10:21 - Trades activos: 0/1
2025-07-31 10:12:51 | INFO | 🔄 Ciclo #60 - 2025-07-31 10:12:51 - Trades activos: 0/1
2025-07-31 10:15:21 | INFO | 🔄 Ciclo #70 - 2025-07-31 10:15:21 - Trades activos: 0/1
2025-07-31 10:17:51 | INFO | 🔄 Ciclo #80 - 2025-07-31 10:17:51 - Trades activos: 0/1
2025-07-31 10:20:21 | INFO | 🔄 Ciclo #90 - 2025-07-31 10:20:21 - Trades activos: 0/1
2025-07-31 10:22:51 | INFO | 🔄 Ciclo #100 - 2025-07-31 10:22:51 - Trades activos: 0/1
2025-07-31 10:22:53 | INFO | 🔄 Re-verificando activos disponibles...
2025-07-31 10:22:53 | INFO | 🔍 Verificando activos disponibles...
2025-07-31 10:22:59 | INFO | ✅ NVDA/AMD: Encontrado como NVDA/AMD-OTC (turbo) - Grupo: PAIR
2025-07-31 10:22:59 | INFO | ✅ NVDA/AMD: Encontrado como NVDA/AMD-OTC (binary) - Grupo: PAIR
2025-07-31 10:22:59 | INFO | ✅ TESLA/FORD: Encontrado como TESLA/FORD-OTC (turbo) - Grupo: PAIR
2025-07-31 10:22:59 | INFO | ✅ TESLA/FORD: Encontrado como TESLA/FORD-OTC (binary) - Grupo: PAIR
2025-07-31 10:22:59 | INFO | ✅ AMZN/ALIBABA: Encontrado como AMZN/ALIBABA-OTC (turbo) - Grupo: PAIR
2025-07-31 10:22:59 | INFO | ✅ AMZN/ALIBABA: Encontrado como AMZN/ALIBABA-OTC (binary) - Grupo: PAIR
2025-07-31 10:22:59 | INFO | ✅ MSFT/AAPL: Encontrado como MSFT/AAPL-OTC (turbo) - Grupo: PAIR
2025-07-31 10:22:59 | INFO | ✅ MSFT/AAPL: Encontrado como MSFT/AAPL-OTC (binary) - Grupo: PAIR
2025-07-31 10:22:59 | INFO | ✅ NFLX/AMZN: Encontrado como NFLX/AMZN-OTC (turbo) - Grupo: PAIR
2025-07-31 10:22:59 | INFO | ✅ NFLX/AMZN: Encontrado como NFLX/AMZN-OTC (binary) - Grupo: PAIR
2025-07-31 10:22:59 | INFO | 📊 Total activos disponibles: 5
2025-07-31 10:25:21 | INFO | 🔄 Ciclo #110 - 2025-07-31 10:25:21 - Trades activos: 0/1
2025-07-31 10:27:51 | INFO | 🔄 Ciclo #120 - 2025-07-31 10:27:51 - Trades activos: 0/1
2025-07-31 10:30:21 | INFO | 🔄 Ciclo #130 - 2025-07-31 10:30:21 - Trades activos: 0/1
2025-07-31 10:32:51 | INFO | 🔄 Ciclo #140 - 2025-07-31 10:32:51 - Trades activos: 0/1
2025-07-31 10:35:21 | INFO | 🔄 Ciclo #150 - 2025-07-31 10:35:21 - Trades activos: 0/1
2025-07-31 10:35:56 | INFO | ⏹️ Estrategia detenida por el usuario
2025-07-31 10:35:56 | INFO | 🏁 Finalizando estrategia...
2025-07-31 10:35:56 | INFO | ============================================================
2025-07-31 10:35:56 | INFO | 📊 RESUMEN DE LA ESTRATEGIA ALGEBRA MULTI-ACTIVOS (LÓGICA INVERTIDA)
2025-07-31 10:35:56 | INFO | ============================================================
2025-07-31 10:35:56 | INFO | ⚡ Estrategia: PUT en sobreventa (Algebra Inversa dinámico), CALL en sobrecompra (Algebra Inversa dinámico)
2025-07-31 10:35:56 | INFO | ⚙️ Modo: BALANCED - Balance entre cantidad y calidad
2025-07-31 10:35:56 | INFO | 🎯 Límite de trades simultáneos: 1
2025-07-31 10:35:56 | INFO | 💰 Capital Inicial: $7,696.85
2025-07-31 10:35:56 | INFO | 💰 Balance Final: $7,696.85
2025-07-31 10:35:56 | INFO | 📈 Rendimiento Total: 0.00%
2025-07-31 10:35:56 | INFO | 🎯 Total Operaciones: 0
2025-07-31 10:35:56 | INFO | 💵 Beneficio Neto: $0.00
2025-07-31 10:35:56 | INFO | 📉 Capital Mínimo: $7,696.85
2025-07-31 10:35:56 | INFO | 
📊 Estadísticas por Activo (agrupadas por tipo):
2025-07-31 10:35:56 | INFO | 
📅 Rendimiento Mensual:
2025-07-31 10:35:56 | INFO | ============================================================
2025-07-31 10:35:56 | INFO | 👋 Estrategia finalizada
2025-07-31 10:35:56 | INFO | 👋 Programa finalizado
