2025-07-31 08:19:52 | INFO | ============================================================
2025-07-31 08:19:52 | INFO |    ESTRATEGIA ALGEBRA MULTI-ACTIVOS PARA OPTION
2025-07-31 08:19:52 | INFO |    ⚡ LÓGICA INVERTIDA ⚡
2025-07-31 08:19:52 | INFO | ============================================================
2025-07-31 08:19:52 | INFO | 📅 Fecha/Hora: 2025-07-31 08:19:52
2025-07-31 08:19:52 | INFO | 📧 Usuario: syl***@gmail.com
2025-07-31 08:19:52 | INFO | ============================================================
2025-07-31 08:19:52 | INFO | ⚠️ IMPORTANTE: Esta estrategia usa lógica INVERTIDA
2025-07-31 08:19:52 | INFO |    - PUT cuando RSI ≤ 35 (sobreventa)
2025-07-31 08:19:52 | INFO |    - CALL cuando RSI ≥ 65 (sobrecompra)
2025-07-31 08:19:52 | INFO | ============================================================
2025-07-31 08:19:52 | INFO | 🚀 Inicializando estrategia...
2025-07-31 08:19:52 | INFO | 🎯 Pares seleccionados: NVDA/AMD, TESLA/FORD, META/GOOGLE, AMZN/ALIBABA, MSFT/AAPL, AMZN/EBAY, NFLX/AMZN, GOOGLE/MSFT, INTEL/IBM
2025-07-31 08:19:52 | INFO | 💰 Tamaño de posición: 8%
2025-07-31 08:19:52 | INFO | ⚡ Nivel de agresividad: balanceado
2025-07-31 08:19:52 | INFO | 🎯 INICIANDO ESTRATEGIA ALGEBRA MULTI-ACTIVOS (LÓGICA INVERTIDA)
2025-07-31 08:19:52 | INFO | 📊 Configuración: Niveles RSI dinámicos por grupo de activos
2025-07-31 08:19:52 | INFO | ⚡ LÓGICA INVERTIDA: PUT en sobreventa, CALL en sobrecompra
2025-07-31 08:19:52 | INFO | 🎯 LÍMITE DE TRADES SIMULTÁNEOS: 1
2025-07-31 08:19:52 | INFO | 🎯 PARES SELECCIONADOS: ['NVDA/AMD', 'TESLA/FORD', 'META/GOOGLE', 'AMZN/ALIBABA', 'MSFT/AAPL', 'AMZN/EBAY', 'NFLX/AMZN', 'GOOGLE/MSFT', 'INTEL/IBM']
2025-07-31 08:19:52 | INFO | ✅ Par habilitado: NVDA/AMD
2025-07-31 08:19:52 | INFO | ✅ Par habilitado: TESLA/FORD
2025-07-31 08:19:52 | INFO | ✅ Par habilitado: META/GOOGLE
2025-07-31 08:19:52 | INFO | ✅ Par habilitado: AMZN/ALIBABA
2025-07-31 08:19:52 | INFO | ✅ Par habilitado: MSFT/AAPL
2025-07-31 08:19:52 | INFO | ✅ Par habilitado: AMZN/EBAY
2025-07-31 08:19:52 | INFO | ✅ Par habilitado: NFLX/AMZN
2025-07-31 08:19:52 | INFO | ✅ Par habilitado: GOOGLE/MSFT
2025-07-31 08:19:52 | INFO | ✅ Par habilitado: INTEL/IBM
2025-07-31 08:19:52 | INFO | 🎯 Operando con 9 pares seleccionados
2025-07-31 08:19:52 | INFO | 💰 Tamaño de posición personalizado: 8%
2025-07-31 08:19:52 | INFO | ⚡ Agresividad personalizada: balanceado → BALANCED
2025-07-31 08:19:52 | INFO | ⚙️ Modo de agresividad: BALANCED (personalizado)
2025-07-31 08:19:52 | INFO | 📊 Timeframe: 5 min | Expiración: 1 min
2025-07-31 08:19:52 | INFO | 🔗 Conectando a IQ Option...
2025-07-31 08:19:54 | INFO | ✅ Conexión exitosa
2025-07-31 08:19:54 | INFO | 💰 Balance actual: $7,696.85
2025-07-31 08:19:55 | INFO | 💰 Capital inicial: $7,696.85
2025-07-31 08:19:55 | INFO | 📂 No hay archivo de estado previo
2025-07-31 08:19:55 | INFO | 🔍 Verificando activos disponibles...
2025-07-31 08:20:02 | INFO | ✅ NVDA/AMD: Encontrado como NVDA/AMD-OTC (turbo) - Grupo: PAIR
2025-07-31 08:20:02 | INFO | ✅ NVDA/AMD: Encontrado como NVDA/AMD-OTC (binary) - Grupo: PAIR
2025-07-31 08:20:02 | INFO | ✅ TESLA/FORD: Encontrado como TESLA/FORD-OTC (turbo) - Grupo: PAIR
2025-07-31 08:20:02 | INFO | ✅ TESLA/FORD: Encontrado como TESLA/FORD-OTC (binary) - Grupo: PAIR
2025-07-31 08:20:02 | INFO | ✅ META/GOOGLE: Encontrado como META/GOOGLE-OTC (turbo) - Grupo: PAIR
2025-07-31 08:20:02 | INFO | ✅ META/GOOGLE: Encontrado como META/GOOGLE-OTC (binary) - Grupo: PAIR
2025-07-31 08:20:02 | INFO | ✅ AMZN/ALIBABA: Encontrado como AMZN/ALIBABA-OTC (turbo) - Grupo: PAIR
2025-07-31 08:20:02 | INFO | ✅ AMZN/ALIBABA: Encontrado como AMZN/ALIBABA-OTC (binary) - Grupo: PAIR
2025-07-31 08:20:02 | INFO | ✅ MSFT/AAPL: Encontrado como MSFT/AAPL-OTC (turbo) - Grupo: PAIR
2025-07-31 08:20:02 | INFO | ✅ MSFT/AAPL: Encontrado como MSFT/AAPL-OTC (binary) - Grupo: PAIR
2025-07-31 08:20:02 | INFO | ✅ AMZN/EBAY: Encontrado como AMZN/EBAY-OTC (turbo) - Grupo: PAIR
2025-07-31 08:20:02 | INFO | ✅ AMZN/EBAY: Encontrado como AMZN/EBAY-OTC (binary) - Grupo: PAIR
2025-07-31 08:20:02 | INFO | ✅ NFLX/AMZN: Encontrado como NFLX/AMZN-OTC (turbo) - Grupo: PAIR
2025-07-31 08:20:02 | INFO | ✅ NFLX/AMZN: Encontrado como NFLX/AMZN-OTC (binary) - Grupo: PAIR
2025-07-31 08:20:02 | INFO | ✅ GOOGLE/MSFT: Encontrado como GOOGLE/MSFT-OTC (turbo) - Grupo: PAIR
2025-07-31 08:20:02 | INFO | ✅ GOOGLE/MSFT: Encontrado como GOOGLE/MSFT-OTC (binary) - Grupo: PAIR
2025-07-31 08:20:02 | INFO | ✅ INTEL/IBM: Encontrado como INTEL/IBM-OTC (turbo) - Grupo: PAIR
2025-07-31 08:20:02 | INFO | ✅ INTEL/IBM: Encontrado como INTEL/IBM-OTC (binary) - Grupo: PAIR
2025-07-31 08:20:02 | INFO | 📊 Total activos disponibles: 9
2025-07-31 08:20:02 | INFO | 
📊 CONFIGURACIÓN DE NIVELES RSI POR GRUPO:
2025-07-31 08:20:02 | INFO | ============================================================
2025-07-31 08:20:02 | INFO | 
PAIR:
2025-07-31 08:20:02 | INFO |   Activos: NVDA/AMD, TESLA/FORD, META/GOOGLE, AMZN/ALIBABA, MSFT/AAPL, AMZN/EBAY, NFLX/AMZN, GOOGLE/MSFT, INTEL/IBM
2025-07-31 08:20:02 | INFO |   RSI Sobreventa/Sobrecompra: 32/68
2025-07-31 08:20:02 | INFO |   Momentum mínimo: 4 puntos
2025-07-31 08:20:02 | INFO |   Tamaño posición: 8% (personalizado)
2025-07-31 08:20:02 | INFO | ============================================================
2025-07-31 08:20:02 | INFO | 
⚡ CONFIGURACIÓN DE SEÑALES:
2025-07-31 08:20:02 | INFO |   Modo: BALANCED (personalizado)
2025-07-31 08:20:02 | INFO |   Fuerza mínima: 60%
2025-07-31 08:20:02 | INFO |   Cruces válidos: últimas 2 velas
2025-07-31 08:20:02 | INFO |   Permitir rebotes: Sí
2025-07-31 08:20:02 | INFO |   Máx rebotes: 1 de hasta 2 puntos
2025-07-31 08:20:02 | INFO |   🎯 Máximo trades simultáneos: 1
2025-07-31 08:20:02 | INFO | ============================================================
2025-07-31 08:20:02 | INFO | ✅ Sistema iniciado - Detectando momentum real con validación dinámica
2025-07-31 08:20:02 | INFO | 🎯 Iniciando operaciones...
2025-07-31 08:20:02 | INFO | ℹ️ Presiona Ctrl+C para detener la estrategia
2025-07-31 08:20:02 | INFO | 🚀 Iniciando estrategia ALGEBRA Multi-Activos (LÓGICA INVERTIDA)
2025-07-31 08:20:02 | INFO | 📊 Configuración: 9 activos disponibles
2025-07-31 08:20:02 | INFO | ⚙️ Modo: BALANCED - Balance entre cantidad y calidad
2025-07-31 08:20:02 | INFO | 📊 RSI en timeframe de 5 minutos
2025-07-31 08:20:02 | INFO | ⏱️ Expiración de opciones: 1 minutos
2025-07-31 08:20:02 | INFO | ⏰ Tiempo entre señales: 60 minutos
2025-07-31 08:20:02 | INFO | 🔄 Bloqueo diario después de 2 operaciones consecutivas (wins o losses)
2025-07-31 08:20:02 | INFO | 🎯 Máximo 1 trade(s) simultáneo(s)
2025-07-31 08:20:02 | INFO | 💪 Fuerza mínima de señal: 60%
2025-07-31 08:20:02 | INFO | 🆕 Solo cruces frescos en últimas 2 velas
2025-07-31 08:20:09 | INFO | ⏹️ Estrategia detenida por el usuario
2025-07-31 08:20:09 | INFO | 🏁 Finalizando estrategia...
2025-07-31 08:20:09 | INFO | ============================================================
2025-07-31 08:20:09 | INFO | 📊 RESUMEN DE LA ESTRATEGIA ALGEBRA MULTI-ACTIVOS (LÓGICA INVERTIDA)
2025-07-31 08:20:09 | INFO | ============================================================
2025-07-31 08:20:09 | INFO | ⚡ Estrategia: PUT en sobreventa (RSI dinámico), CALL en sobrecompra (RSI dinámico)
2025-07-31 08:20:09 | INFO | ⚙️ Modo: BALANCED - Balance entre cantidad y calidad
2025-07-31 08:20:09 | INFO | 🎯 Límite de trades simultáneos: 1
2025-07-31 08:20:09 | INFO | 💰 Capital Inicial: $7,696.85
2025-07-31 08:20:09 | INFO | 💰 Balance Final: $7,696.85
2025-07-31 08:20:09 | INFO | 📈 Rendimiento Total: 0.00%
2025-07-31 08:20:09 | INFO | 🎯 Total Operaciones: 0
2025-07-31 08:20:09 | INFO | 💵 Beneficio Neto: $0.00
2025-07-31 08:20:09 | INFO | 📉 Capital Mínimo: $7,696.85
2025-07-31 08:20:09 | INFO | 
📊 Estadísticas por Activo (agrupadas por tipo):
2025-07-31 08:20:09 | INFO | 
📅 Rendimiento Mensual:
2025-07-31 08:20:09 | INFO | ============================================================
2025-07-31 08:20:09 | INFO | 👋 Estrategia finalizada
2025-07-31 08:20:09 | INFO | 👋 Programa finalizado
