2025-08-04 10:50:22 | INFO | ============================================================
2025-08-04 10:50:22 | INFO |    ESTRATEGIA ALGEBRA MULTI-ACTIVOS PARA OPTION
2025-08-04 10:50:22 | INFO |    ⚡ LÓGICA INVERTIDA ⚡
2025-08-04 10:50:22 | INFO | ============================================================
2025-08-04 10:50:22 | INFO | 📅 Fecha/Hora: 2025-08-04 10:50:22
2025-08-04 10:50:22 | INFO | 📧 Usuario: pab***@gmail.com
2025-08-04 10:50:22 | INFO | ============================================================
2025-08-04 10:50:22 | INFO | ⚠️ IMPORTANTE: Esta estrategia usa lógica INVERTIDA
2025-08-04 10:50:22 | INFO |    - PUT cuando Algebra Inversa ≤ 35 (sobreventa)
2025-08-04 10:50:22 | INFO |    - CALL cuando Algebra Inversa ≥ 65 (sobrecompra)
2025-08-04 10:50:22 | INFO | ============================================================
2025-08-04 10:50:22 | INFO | 🚀 Inicializando estrategia...
2025-08-04 10:50:22 | INFO | 🎯 Pares seleccionados: NVDA/AMD, AMZN/ALIBABA, NFLX/AMZN, TESLA/FORD, MSFT/AAPL
2025-08-04 10:50:22 | INFO | 🪙 Crypto seleccionados: BTCUSD, NEARUSD, ARBUSD
2025-08-04 10:50:22 | INFO | 💰 Tamaño de posición (legacy): 5%
2025-08-04 10:50:22 | INFO | 📊 Tamaño de posición pares: 5%
2025-08-04 10:50:22 | INFO | 🪙 Tamaño de posición crypto: 2%
2025-08-04 10:50:22 | INFO | ⚡ Nivel de agresividad: balanceado
2025-08-04 10:50:22 | INFO | 🎯 INICIANDO ESTRATEGIA ALGEBRA MULTI-ACTIVOS (LÓGICA INVERTIDA)
2025-08-04 10:50:22 | INFO | 📊 Configuración: Niveles Algebra Inversa dinámicos por grupo de activos
2025-08-04 10:50:22 | INFO | ⚡ LÓGICA INVERTIDA: PUT en sobreventa, CALL en sobrecompra
2025-08-04 10:50:22 | INFO | 🎯 LÍMITE DE TRADES SIMULTÁNEOS: 1
2025-08-04 10:50:22 | INFO | 🎯 PARES SELECCIONADOS: ['NVDA/AMD', 'AMZN/ALIBABA', 'NFLX/AMZN', 'TESLA/FORD', 'MSFT/AAPL']
2025-08-04 10:50:22 | INFO | ✅ Par habilitado: NVDA/AMD
2025-08-04 10:50:22 | INFO | ✅ Par habilitado: AMZN/ALIBABA
2025-08-04 10:50:22 | INFO | ✅ Par habilitado: NFLX/AMZN
2025-08-04 10:50:22 | INFO | ✅ Par habilitado: TESLA/FORD
2025-08-04 10:50:22 | INFO | ✅ Par habilitado: MSFT/AAPL
2025-08-04 10:50:22 | INFO | 🎯 Operando con 5 pares seleccionados
2025-08-04 10:50:22 | INFO | 🪙 CRYPTO SELECCIONADOS: ['BTCUSD', 'NEARUSD', 'ARBUSD']
2025-08-04 10:50:22 | INFO | ✅ Crypto habilitado: BTCUSD
2025-08-04 10:50:22 | INFO | ✅ Crypto habilitado: NEARUSD
2025-08-04 10:50:22 | INFO | ✅ Crypto habilitado: ARBUSD
2025-08-04 10:50:22 | INFO | 🪙 Operando con 3 crypto seleccionados
2025-08-04 10:50:22 | INFO | 💰 Tamaño de posición personalizado (legacy): 5%
2025-08-04 10:50:22 | INFO | 📊 Tamaño de posición pares personalizado: 5%
2025-08-04 10:50:22 | INFO | 🪙 Tamaño de posición crypto personalizado: 2%
2025-08-04 10:50:22 | INFO | ⚡ Agresividad personalizada: balanceado → BALANCED
2025-08-04 10:50:22 | INFO | ⚙️ Modo de agresividad: BALANCED (personalizado)
2025-08-04 10:50:22 | INFO | 📊 Timeframe: 5 min | Expiración: 1 min | Fuerza mínima: 60%
2025-08-04 10:50:22 | INFO | 🔗 Conectando a IQ Option...
2025-08-04 10:50:24 | INFO | ✅ Conexión exitosa
2025-08-04 10:50:24 | INFO | 💰 Balance actual: $10,425.00
2025-08-04 10:50:25 | INFO | 💰 Capital inicial: $10,425.00
2025-08-04 10:50:25 | INFO | 📂 No hay archivo de estado previo
2025-08-04 10:50:25 | INFO | 🔍 Verificando activos disponibles...
2025-08-04 10:50:32 | INFO | ✅ NVDA/AMD: Encontrado como NVDA/AMD-OTC (turbo) - Grupo: PAIR
2025-08-04 10:50:32 | INFO | ✅ NVDA/AMD: Encontrado como NVDA/AMD-OTC (binary) - Grupo: PAIR
2025-08-04 10:50:32 | INFO | ✅ AMZN/ALIBABA: Encontrado como AMZN/ALIBABA-OTC (turbo) - Grupo: PAIR
2025-08-04 10:50:32 | INFO | ✅ AMZN/ALIBABA: Encontrado como AMZN/ALIBABA-OTC (binary) - Grupo: PAIR
2025-08-04 10:50:32 | INFO | ✅ NFLX/AMZN: Encontrado como NFLX/AMZN-OTC (turbo) - Grupo: PAIR
2025-08-04 10:50:32 | INFO | ✅ NFLX/AMZN: Encontrado como NFLX/AMZN-OTC (binary) - Grupo: PAIR
2025-08-04 10:50:32 | INFO | ✅ TESLA/FORD: Encontrado como TESLA/FORD-OTC (turbo) - Grupo: PAIR
2025-08-04 10:50:32 | INFO | ✅ TESLA/FORD: Encontrado como TESLA/FORD-OTC (binary) - Grupo: PAIR
2025-08-04 10:50:32 | INFO | ✅ MSFT/AAPL: Encontrado como MSFT/AAPL-OTC (turbo) - Grupo: PAIR
2025-08-04 10:50:32 | INFO | ✅ MSFT/AAPL: Encontrado como MSFT/AAPL-OTC (binary) - Grupo: PAIR
2025-08-04 10:50:32 | INFO | ✅ BTCUSD: Encontrado como BTCUSD-op (binary) - Grupo: CRYPTO
2025-08-04 10:50:32 | INFO | ✅ NEARUSD: Encontrado como NEARUSD-OTC (turbo) - Grupo: CRYPTO
2025-08-04 10:50:32 | INFO | ✅ NEARUSD: Encontrado como NEARUSD-OTC (binary) - Grupo: CRYPTO
2025-08-04 10:50:32 | INFO | ✅ ARBUSD: Encontrado como ARBUSD-OTC (turbo) - Grupo: CRYPTO
2025-08-04 10:50:32 | INFO | 📊 Total activos disponibles: 8
2025-08-04 10:50:32 | INFO | 
📊 CONFIGURACIÓN DE NIVELES ALGEBRA INVERSA POR GRUPO:
2025-08-04 10:50:32 | INFO | ============================================================
2025-08-04 10:50:32 | INFO | 
PAIR:
2025-08-04 10:50:32 | INFO |   Activos: NVDA/AMD, AMZN/ALIBABA, NFLX/AMZN, TESLA/FORD, MSFT/AAPL
2025-08-04 10:50:32 | INFO |   Algebra Inversa Sobreventa/Sobrecompra: 32/68
2025-08-04 10:50:32 | INFO |   Momentum mínimo: 4 puntos
2025-08-04 10:50:32 | INFO |   Tamaño posición: 5% (personalizado)
2025-08-04 10:50:32 | INFO | 
CRYPTO:
2025-08-04 10:50:32 | INFO |   Activos: BTCUSD, NEARUSD, ARBUSD
2025-08-04 10:50:32 | INFO |   Algebra Inversa Sobreventa/Sobrecompra: 35/65
2025-08-04 10:50:32 | INFO |   Momentum mínimo: 5 puntos
2025-08-04 10:50:32 | INFO |   Tamaño posición: 5% (personalizado)
2025-08-04 10:50:32 | INFO | ============================================================
2025-08-04 10:50:32 | INFO | 
⚡ CONFIGURACIÓN DE SEÑALES:
2025-08-04 10:50:32 | INFO |   Modo: BALANCED (personalizado)
2025-08-04 10:50:32 | INFO |   Fuerza mínima: 60%
2025-08-04 10:50:32 | INFO |   Cruces válidos: últimas 2 niveles dinámicos
2025-08-04 10:50:32 | INFO |   Permitir rebotes: Sí
2025-08-04 10:50:32 | INFO |   Máx rebotes: 1 de hasta 2 puntos
2025-08-04 10:50:32 | INFO |   🎯 Máximo trades simultáneos: 1
2025-08-04 10:50:32 | INFO | ============================================================
2025-08-04 10:50:32 | INFO | ✅ Sistema iniciado - Detectando momentum real con validación dinámica
2025-08-04 10:50:32 | INFO | 🎯 Iniciando operaciones...
2025-08-04 10:50:32 | INFO | ℹ️ Para detener la estrategia, desactiva el switch en el dashboard
2025-08-04 10:50:32 | INFO | 🚀 Iniciando estrategia ALGEBRA Multi-Activos (LÓGICA INVERTIDA)
2025-08-04 10:50:32 | INFO | 📊 Configuración: 8 activos disponibles
2025-08-04 10:50:32 | INFO | ⚙️ Modo: BALANCED (personalizado) - Balance entre cantidad y calidad
2025-08-04 10:50:32 | INFO | 📊 Algebra Inversa en timeframe de 5 minutos
2025-08-04 10:50:32 | INFO | ⏱️ Expiración de opciones: 1 minutos
2025-08-04 10:50:32 | INFO | ⏰ Tiempo entre señales: 60 minutos
2025-08-04 10:50:32 | INFO | 🔄 Bloqueo diario después de 2 operaciones consecutivas (wins o losses)
2025-08-04 10:50:32 | INFO | 🎯 Máximo 1 trade(s) simultáneo(s)
2025-08-04 10:50:32 | INFO | 💪 Fuerza mínima de señal: 60%
2025-08-04 10:50:32 | INFO | 🆕 Solo cruces frescos en últimas 2 niveles dinámicos
2025-08-04 10:52:47 | INFO | 🔄 Ciclo #10 - 2025-08-04 10:52:47 - Trades activos: 0/1
2025-08-04 10:53:51 | INFO | ⏹️ Estrategia detenida por el usuario
2025-08-04 10:53:51 | INFO | 🏁 Finalizando estrategia...
2025-08-04 10:53:51 | INFO | ============================================================
2025-08-04 10:53:51 | INFO | 📊 RESUMEN DE LA ESTRATEGIA ALGEBRA MULTI-ACTIVOS (LÓGICA INVERTIDA)
2025-08-04 10:53:51 | INFO | ============================================================
2025-08-04 10:53:51 | INFO | ⚡ Estrategia: PUT en sobreventa (Algebra Inversa dinámico), CALL en sobrecompra (Algebra Inversa dinámico)
2025-08-04 10:53:51 | INFO | ⚙️ Modo: BALANCED - Balance entre cantidad y calidad
2025-08-04 10:53:51 | INFO | 🎯 Límite de trades simultáneos: 1
2025-08-04 10:53:51 | INFO | 💰 Capital Inicial: $10,425.00
2025-08-04 10:53:51 | INFO | 💰 Balance Final: $10,425.00
2025-08-04 10:53:51 | INFO | 📈 Rendimiento Total: 0.00%
2025-08-04 10:53:51 | INFO | 🎯 Total Operaciones: 0
2025-08-04 10:53:51 | INFO | 💵 Beneficio Neto: $0.00
2025-08-04 10:53:51 | INFO | 📉 Capital Mínimo: $10,425.00
2025-08-04 10:53:51 | INFO | 
📊 Estadísticas por Activo (agrupadas por tipo):
2025-08-04 10:53:51 | INFO | 
📅 Rendimiento Mensual:
2025-08-04 10:53:51 | INFO | ============================================================
2025-08-04 10:53:51 | INFO | 👋 Estrategia finalizada
2025-08-04 10:53:51 | INFO | 👋 Programa finalizado
